{"C:\\Users\\marvi\\OneDrive\\Documentos\\Projectos\\open-dsp\\dsp-backend\\src\\app.controller.ts": {"path":"C:\\Users\\marvi\\OneDrive\\Documentos\\Projectos\\open-dsp\\dsp-backend\\src\\app.controller.ts","statementMap":{"0":{"start":{"line":1,"column":0},"end":{"line":1,"column":49}},"1":{"start":{"line":2,"column":0},"end":{"line":2,"column":69}},"2":{"start":{"line":6,"column":7},"end":{"line":30,"column":null}},"3":{"start":{"line":11,"column":4},"end":{"line":17,"column":6}},"4":{"start":{"line":24,"column":4},"end":{"line":28,"column":6}},"5":{"start":{"line":6,"column":13},"end":{"line":6,"column":26}},"6":{"start":{"line":10,"column":2},"end":{"line":18,"column":null}},"7":{"start":{"line":23,"column":2},"end":{"line":29,"column":null}},"8":{"start":{"line":6,"column":13},"end":{"line":30,"column":null}}},"fnMap":{"0":{"name":"(anonymous_2)","decl":{"start":{"line":10,"column":2},"end":{"line":10,"column":9}},"loc":{"start":{"line":10,"column":9},"end":{"line":18,"column":3}}},"1":{"name":"(anonymous_3)","decl":{"start":{"line":23,"column":2},"end":{"line":23,"column":11}},"loc":{"start":{"line":23,"column":11},"end":{"line":29,"column":3}}}},"branchMap":{},"s":{"0":1,"1":1,"2":1,"3":1,"4":1,"5":1,"6":1,"7":1,"8":1},"f":{"0":1,"1":1},"b":{}}
,"C:\\Users\\marvi\\OneDrive\\Documentos\\Projectos\\open-dsp\\dsp-backend\\src\\common\\decorators\\current-tenant.decorator.ts": {"path":"C:\\Users\\marvi\\OneDrive\\Documentos\\Projectos\\open-dsp\\dsp-backend\\src\\common\\decorators\\current-tenant.decorator.ts","statementMap":{"0":{"start":{"line":1,"column":0},"end":{"line":1,"column":72}},"1":{"start":{"line":3,"column":13},"end":{"line":9,"column":2}},"2":{"start":{"line":5,"column":20},"end":{"line":5,"column":51}},"3":{"start":{"line":6,"column":19},"end":{"line":6,"column":33}},"4":{"start":{"line":7,"column":4},"end":{"line":7,"column":42}}},"fnMap":{"0":{"name":"(anonymous_0)","decl":{"start":{"line":4,"column":2},"end":{"line":4,"column":3}},"loc":{"start":{"line":4,"column":54},"end":{"line":8,"column":3}}}},"branchMap":{"0":{"loc":{"start":{"line":7,"column":11},"end":{"line":7,"column":41}},"type":"cond-expr","locations":[{"start":{"line":7,"column":18},"end":{"line":7,"column":32}},{"start":{"line":7,"column":35},"end":{"line":7,"column":41}}]}},"s":{"0":2,"1":2,"2":0,"3":0,"4":0},"f":{"0":0},"b":{"0":[0,0]}}
,"C:\\Users\\marvi\\OneDrive\\Documentos\\Projectos\\open-dsp\\dsp-backend\\src\\common\\decorators\\current-user.decorator.ts": {"path":"C:\\Users\\marvi\\OneDrive\\Documentos\\Projectos\\open-dsp\\dsp-backend\\src\\common\\decorators\\current-user.decorator.ts","statementMap":{"0":{"start":{"line":1,"column":0},"end":{"line":1,"column":72}},"1":{"start":{"line":3,"column":13},"end":{"line":9,"column":2}},"2":{"start":{"line":5,"column":20},"end":{"line":5,"column":51}},"3":{"start":{"line":6,"column":17},"end":{"line":6,"column":29}},"4":{"start":{"line":7,"column":4},"end":{"line":7,"column":38}}},"fnMap":{"0":{"name":"(anonymous_0)","decl":{"start":{"line":4,"column":2},"end":{"line":4,"column":3}},"loc":{"start":{"line":4,"column":54},"end":{"line":8,"column":3}}}},"branchMap":{"0":{"loc":{"start":{"line":7,"column":11},"end":{"line":7,"column":37}},"type":"cond-expr","locations":[{"start":{"line":7,"column":18},"end":{"line":7,"column":30}},{"start":{"line":7,"column":33},"end":{"line":7,"column":37}}]}},"s":{"0":1,"1":1,"2":0,"3":0,"4":0},"f":{"0":0},"b":{"0":[0,0]}}
,"C:\\Users\\marvi\\OneDrive\\Documentos\\Projectos\\open-dsp\\dsp-backend\\src\\common\\decorators\\roles.decorator.ts": {"path":"C:\\Users\\marvi\\OneDrive\\Documentos\\Projectos\\open-dsp\\dsp-backend\\src\\common\\decorators\\roles.decorator.ts","statementMap":{"0":{"start":{"line":1,"column":0},"end":{"line":1,"column":45}},"1":{"start":{"line":3,"column":0},"end":{"line":3,"column":null}},"2":{"start":{"line":4,"column":2},"end":{"line":4,"column":null}},"3":{"start":{"line":5,"column":2},"end":{"line":5,"column":null}},"4":{"start":{"line":6,"column":2},"end":{"line":6,"column":null}},"5":{"start":{"line":9,"column":13},"end":{"line":9,"column":33}},"6":{"start":{"line":10,"column":21},"end":{"line":10,"column":76}},"7":{"start":{"line":10,"column":47},"end":{"line":10,"column":76}},"8":{"start":{"line":10,"column":13},"end":{"line":10,"column":21}}},"fnMap":{"0":{"name":"(anonymous_0)","decl":{"start":{"line":3,"column":0},"end":{"line":3,"column":12}},"loc":{"start":{"line":3,"column":20},"end":{"line":7,"column":1}}},"1":{"name":"(anonymous_1)","decl":{"start":{"line":10,"column":21},"end":{"line":10,"column":22}},"loc":{"start":{"line":10,"column":47},"end":{"line":10,"column":76}}}},"branchMap":{"0":{"loc":{"start":{"line":3,"column":12},"end":{"line":3,"column":null}},"type":"binary-expr","locations":[{"start":{"line":3,"column":12},"end":{"line":3,"column":20}},{"start":{"line":3,"column":20},"end":{"line":3,"column":null}}]}},"s":{"0":1,"1":1,"2":1,"3":1,"4":1,"5":1,"6":1,"7":0,"8":1},"f":{"0":1,"1":0},"b":{"0":[1,1]}}
,"C:\\Users\\marvi\\OneDrive\\Documentos\\Projectos\\open-dsp\\dsp-backend\\src\\common\\filters\\http-exception.filter.ts": {"path":"C:\\Users\\marvi\\OneDrive\\Documentos\\Projectos\\open-dsp\\dsp-backend\\src\\common\\filters\\http-exception.filter.ts","statementMap":{"0":{"start":{"line":1,"column":0},"end":{"line":1,"column":null}},"1":{"start":{"line":12,"column":32},"end":{"line":55,"column":null}},"2":{"start":{"line":13,"column":19},"end":{"line":13,"column":65}},"3":{"start":{"line":16,"column":16},"end":{"line":16,"column":35}},"4":{"start":{"line":17,"column":21},"end":{"line":17,"column":48}},"5":{"start":{"line":18,"column":20},"end":{"line":18,"column":45}},"6":{"start":{"line":21,"column":6},"end":{"line":23,"column":42}},"7":{"start":{"line":25,"column":18},"end":{"line":25,"column":48}},"8":{"start":{"line":26,"column":24},"end":{"line":26,"column":28}},"9":{"start":{"line":28,"column":4},"end":{"line":39,"column":5}},"10":{"start":{"line":29,"column":18},"end":{"line":29,"column":41}},"11":{"start":{"line":30,"column":6},"end":{"line":36,"column":7}},"12":{"start":{"line":31,"column":8},"end":{"line":31,"column":22}},"13":{"start":{"line":32,"column":13},"end":{"line":36,"column":7}},"14":{"start":{"line":33,"column":20},"end":{"line":33,"column":46}},"15":{"start":{"line":34,"column":8},"end":{"line":34,"column":70}},"16":{"start":{"line":35,"column":8},"end":{"line":35,"column":66}},"17":{"start":{"line":37,"column":11},"end":{"line":39,"column":5}},"18":{"start":{"line":38,"column":6},"end":{"line":38,"column":67}},"19":{"start":{"line":41,"column":4},"end":{"line":44,"column":6}},"20":{"start":{"line":46,"column":4},"end":{"line":53,"column":7}},"21":{"start":{"line":12,"column":13},"end":{"line":12,"column":32}},"22":{"start":{"line":12,"column":13},"end":{"line":55,"column":null}}},"fnMap":{"0":{"name":"(anonymous_1)","decl":{"start":{"line":12,"column":7},"end":{"line":12,"column":13}},"loc":{"start":{"line":12,"column":7},"end":{"line":55,"column":1}}},"1":{"name":"(anonymous_2)","decl":{"start":{"line":15,"column":2},"end":{"line":15,"column":7}},"loc":{"start":{"line":15,"column":47},"end":{"line":54,"column":3}}}},"branchMap":{"0":{"loc":{"start":{"line":21,"column":6},"end":{"line":23,"column":42}},"type":"cond-expr","locations":[{"start":{"line":22,"column":10},"end":{"line":22,"column":31}},{"start":{"line":23,"column":10},"end":{"line":23,"column":42}}]},"1":{"loc":{"start":{"line":28,"column":4},"end":{"line":39,"column":5}},"type":"if","locations":[{"start":{"line":28,"column":4},"end":{"line":39,"column":5}},{"start":{"line":37,"column":11},"end":{"line":39,"column":5}}]},"2":{"loc":{"start":{"line":30,"column":6},"end":{"line":36,"column":7}},"type":"if","locations":[{"start":{"line":30,"column":6},"end":{"line":36,"column":7}},{"start":{"line":32,"column":13},"end":{"line":36,"column":7}}]},"3":{"loc":{"start":{"line":32,"column":13},"end":{"line":36,"column":7}},"type":"if","locations":[{"start":{"line":32,"column":13},"end":{"line":36,"column":7}}]},"4":{"loc":{"start":{"line":32,"column":17},"end":{"line":32,"column":56}},"type":"binary-expr","locations":[{"start":{"line":32,"column":17},"end":{"line":32,"column":40}},{"start":{"line":32,"column":44},"end":{"line":32,"column":56}}]},"5":{"loc":{"start":{"line":34,"column":18},"end":{"line":34,"column":69}},"type":"binary-expr","locations":[{"start":{"line":34,"column":18},"end":{"line":34,"column":29}},{"start":{"line":34,"column":33},"end":{"line":34,"column":42}},{"start":{"line":34,"column":46},"end":{"line":34,"column":69}}]},"6":{"loc":{"start":{"line":35,"column":19},"end":{"line":35,"column":65}},"type":"cond-expr","locations":[{"start":{"line":35,"column":48},"end":{"line":35,"column":59}},{"start":{"line":35,"column":62},"end":{"line":35,"column":65}}]},"7":{"loc":{"start":{"line":37,"column":11},"end":{"line":39,"column":5}},"type":"if","locations":[{"start":{"line":37,"column":11},"end":{"line":39,"column":5}}]},"8":{"loc":{"start":{"line":38,"column":16},"end":{"line":38,"column":66}},"type":"binary-expr","locations":[{"start":{"line":38,"column":16},"end":{"line":38,"column":33}},{"start":{"line":38,"column":37},"end":{"line":38,"column":66}}]},"9":{"loc":{"start":{"line":43,"column":6},"end":{"line":43,"column":55}},"type":"cond-expr","locations":[{"start":{"line":43,"column":35},"end":{"line":43,"column":50}},{"start":{"line":43,"column":53},"end":{"line":43,"column":55}}]},"10":{"loc":{"start":{"line":49,"column":15},"end":{"line":49,"column":68}},"type":"cond-expr","locations":[{"start":{"line":49,"column":40},"end":{"line":49,"column":58}},{"start":{"line":49,"column":61},"end":{"line":49,"column":68}}]},"11":{"loc":{"start":{"line":50,"column":16},"end":{"line":50,"column":74}},"type":"cond-expr","locations":[{"start":{"line":50,"column":54},"end":{"line":50,"column":62}},{"start":{"line":50,"column":65},"end":{"line":50,"column":74}}]},"12":{"loc":{"start":{"line":50,"column":16},"end":{"line":50,"column":51}},"type":"binary-expr","locations":[{"start":{"line":50,"column":16},"end":{"line":50,"column":24}},{"start":{"line":50,"column":28},"end":{"line":50,"column":51}}]}},"s":{"0":1,"1":1,"2":3,"3":3,"4":3,"5":3,"6":3,"7":3,"8":3,"9":3,"10":2,"11":2,"12":0,"13":2,"14":2,"15":2,"16":2,"17":1,"18":1,"19":3,"20":3,"21":1,"22":1},"f":{"0":3,"1":3},"b":{"0":[2,1],"1":[2,1],"2":[0,2],"3":[2],"4":[2,2],"5":[2,0,0],"6":[1,1],"7":[1],"8":[1,0],"9":[3,0],"10":[1,2],"11":[1,2],"12":[3,2]}}
,"C:\\Users\\marvi\\OneDrive\\Documentos\\Projectos\\open-dsp\\dsp-backend\\src\\common\\guards\\api-key.guard.ts": {"path":"C:\\Users\\marvi\\OneDrive\\Documentos\\Projectos\\open-dsp\\dsp-backend\\src\\common\\guards\\api-key.guard.ts","statementMap":{"0":{"start":{"line":1,"column":0},"end":{"line":1,"column":98}},"1":{"start":{"line":2,"column":0},"end":{"line":2,"column":37}},"2":{"start":{"line":3,"column":0},"end":{"line":3,"column":50}},"3":{"start":{"line":6,"column":7},"end":{"line":30,"column":null}},"4":{"start":{"line":7,"column":31},"end":{"line":7,"column":43}},"5":{"start":{"line":10,"column":20},"end":{"line":10,"column":55}},"6":{"start":{"line":11,"column":19},"end":{"line":11,"column":47}},"7":{"start":{"line":13,"column":4},"end":{"line":15,"column":5}},"8":{"start":{"line":14,"column":6},"end":{"line":14,"column":77}},"9":{"start":{"line":17,"column":20},"end":{"line":17,"column":49}},"10":{"start":{"line":18,"column":23},"end":{"line":18,"column":63}},"11":{"start":{"line":19,"column":19},"end":{"line":21,"column":6}},"12":{"start":{"line":23,"column":4},"end":{"line":25,"column":5}},"13":{"start":{"line":24,"column":6},"end":{"line":24,"column":69}},"14":{"start":{"line":27,"column":4},"end":{"line":27,"column":28}},"15":{"start":{"line":28,"column":4},"end":{"line":28,"column":16}},"16":{"start":{"line":6,"column":13},"end":{"line":6,"column":24}},"17":{"start":{"line":6,"column":13},"end":{"line":30,"column":null}}},"fnMap":{"0":{"name":"(anonymous_2)","decl":{"start":{"line":7,"column":2},"end":{"line":7,"column":31}},"loc":{"start":{"line":7,"column":53},"end":{"line":7,"column":57}}},"1":{"name":"(anonymous_3)","decl":{"start":{"line":9,"column":2},"end":{"line":9,"column":7}},"loc":{"start":{"line":9,"column":45},"end":{"line":29,"column":3}}}},"branchMap":{"0":{"loc":{"start":{"line":13,"column":4},"end":{"line":15,"column":5}},"type":"if","locations":[{"start":{"line":13,"column":4},"end":{"line":15,"column":5}}]},"1":{"loc":{"start":{"line":13,"column":8},"end":{"line":13,"column":45}},"type":"binary-expr","locations":[{"start":{"line":13,"column":8},"end":{"line":13,"column":15}},{"start":{"line":13,"column":19},"end":{"line":13,"column":45}}]},"2":{"loc":{"start":{"line":23,"column":4},"end":{"line":25,"column":5}},"type":"if","locations":[{"start":{"line":23,"column":4},"end":{"line":25,"column":5}}]}},"s":{"0":3,"1":3,"2":3,"3":3,"4":15,"5":3,"6":3,"7":3,"8":1,"9":2,"10":2,"11":2,"12":2,"13":1,"14":1,"15":1,"16":3,"17":3},"f":{"0":15,"1":3},"b":{"0":[1],"1":[3,2],"2":[1]}}
,"C:\\Users\\marvi\\OneDrive\\Documentos\\Projectos\\open-dsp\\dsp-backend\\src\\common\\guards\\jwt-auth.guard.ts": {"path":"C:\\Users\\marvi\\OneDrive\\Documentos\\Projectos\\open-dsp\\dsp-backend\\src\\common\\guards\\jwt-auth.guard.ts","statementMap":{"0":{"start":{"line":1,"column":0},"end":{"line":1,"column":44}},"1":{"start":{"line":2,"column":0},"end":{"line":2,"column":45}},"2":{"start":{"line":5,"column":7},"end":{"line":5,"column":null}},"3":{"start":{"line":5,"column":13},"end":{"line":5,"column":25}},"4":{"start":{"line":5,"column":13},"end":{"line":5,"column":null}}},"fnMap":{},"branchMap":{},"s":{"0":1,"1":1,"2":1,"3":1,"4":1},"f":{},"b":{}}
,"C:\\Users\\marvi\\OneDrive\\Documentos\\Projectos\\open-dsp\\dsp-backend\\src\\common\\guards\\roles.guard.ts": {"path":"C:\\Users\\marvi\\OneDrive\\Documentos\\Projectos\\open-dsp\\dsp-backend\\src\\common\\guards\\roles.guard.ts","statementMap":{"0":{"start":{"line":1,"column":0},"end":{"line":1,"column":95}},"1":{"start":{"line":2,"column":0},"end":{"line":2,"column":41}},"2":{"start":{"line":3,"column":0},"end":{"line":3,"column":68}},"3":{"start":{"line":6,"column":7},"end":{"line":27,"column":null}},"4":{"start":{"line":7,"column":22},"end":{"line":7,"column":33}},"5":{"start":{"line":10,"column":26},"end":{"line":13,"column":6}},"6":{"start":{"line":14,"column":4},"end":{"line":16,"column":5}},"7":{"start":{"line":15,"column":6},"end":{"line":15,"column":18}},"8":{"start":{"line":17,"column":21},"end":{"line":17,"column":56}},"9":{"start":{"line":18,"column":4},"end":{"line":20,"column":5}},"10":{"start":{"line":19,"column":6},"end":{"line":19,"column":78}},"11":{"start":{"line":21,"column":20},"end":{"line":21,"column":53}},"12":{"start":{"line":22,"column":4},"end":{"line":24,"column":5}},"13":{"start":{"line":23,"column":6},"end":{"line":23,"column":91}},"14":{"start":{"line":25,"column":4},"end":{"line":25,"column":16}},"15":{"start":{"line":6,"column":13},"end":{"line":6,"column":23}},"16":{"start":{"line":6,"column":13},"end":{"line":27,"column":null}}},"fnMap":{"0":{"name":"(anonymous_2)","decl":{"start":{"line":7,"column":2},"end":{"line":7,"column":22}},"loc":{"start":{"line":7,"column":42},"end":{"line":7,"column":46}}},"1":{"name":"(anonymous_3)","decl":{"start":{"line":9,"column":2},"end":{"line":9,"column":13}},"loc":{"start":{"line":9,"column":39},"end":{"line":26,"column":3}}}},"branchMap":{"0":{"loc":{"start":{"line":14,"column":4},"end":{"line":16,"column":5}},"type":"if","locations":[{"start":{"line":14,"column":4},"end":{"line":16,"column":5}}]},"1":{"loc":{"start":{"line":14,"column":8},"end":{"line":14,"column":52}},"type":"binary-expr","locations":[{"start":{"line":14,"column":8},"end":{"line":14,"column":22}},{"start":{"line":14,"column":26},"end":{"line":14,"column":52}}]},"2":{"loc":{"start":{"line":18,"column":4},"end":{"line":20,"column":5}},"type":"if","locations":[{"start":{"line":18,"column":4},"end":{"line":20,"column":5}}]},"3":{"loc":{"start":{"line":18,"column":8},"end":{"line":18,"column":27}},"type":"binary-expr","locations":[{"start":{"line":18,"column":8},"end":{"line":18,"column":13}},{"start":{"line":18,"column":17},"end":{"line":18,"column":27}}]},"4":{"loc":{"start":{"line":22,"column":4},"end":{"line":24,"column":5}},"type":"if","locations":[{"start":{"line":22,"column":4},"end":{"line":24,"column":5}}]}},"s":{"0":0,"1":0,"2":0,"3":0,"4":0,"5":0,"6":0,"7":0,"8":0,"9":0,"10":0,"11":0,"12":0,"13":0,"14":0,"15":0,"16":0},"f":{"0":0,"1":0},"b":{"0":[0],"1":[0,0],"2":[0],"3":[0,0],"4":[0]}}
,"C:\\Users\\marvi\\OneDrive\\Documentos\\Projectos\\open-dsp\\dsp-backend\\src\\common\\interceptors\\idempotency.interceptor.ts": {"path":"C:\\Users\\marvi\\OneDrive\\Documentos\\Projectos\\open-dsp\\dsp-backend\\src\\common\\interceptors\\idempotency.interceptor.ts","statementMap":{"0":{"start":{"line":1,"column":0},"end":{"line":1,"column":null}},"1":{"start":{"line":8,"column":0},"end":{"line":8,"column":38}},"2":{"start":{"line":9,"column":0},"end":{"line":9,"column":37}},"3":{"start":{"line":12,"column":25},"end":{"line":12,"column":80}},"4":{"start":{"line":15,"column":7},"end":{"line":41,"column":null}},"5":{"start":{"line":17,"column":20},"end":{"line":17,"column":55}},"6":{"start":{"line":18,"column":27},"end":{"line":18,"column":61}},"7":{"start":{"line":20,"column":4},"end":{"line":22,"column":5}},"8":{"start":{"line":21,"column":6},"end":{"line":21,"column":27}},"9":{"start":{"line":24,"column":19},"end":{"line":24,"column":55}},"10":{"start":{"line":25,"column":4},"end":{"line":30,"column":5}},"11":{"start":{"line":27,"column":6},"end":{"line":29,"column":7}},"12":{"start":{"line":28,"column":8},"end":{"line":28,"column":35}},"13":{"start":{"line":32,"column":4},"end":{"line":39,"column":6}},"14":{"start":{"line":34,"column":8},"end":{"line":37,"column":11}},"15":{"start":{"line":15,"column":13},"end":{"line":15,"column":35}},"16":{"start":{"line":15,"column":13},"end":{"line":41,"column":null}}},"fnMap":{"0":{"name":"(anonymous_1)","decl":{"start":{"line":16,"column":2},"end":{"line":16,"column":11}},"loc":{"start":{"line":16,"column":56},"end":{"line":40,"column":3}}},"1":{"name":"(anonymous_2)","decl":{"start":{"line":33,"column":10},"end":{"line":33,"column":11}},"loc":{"start":{"line":33,"column":19},"end":{"line":38,"column":7}}}},"branchMap":{"0":{"loc":{"start":{"line":20,"column":4},"end":{"line":22,"column":5}},"type":"if","locations":[{"start":{"line":20,"column":4},"end":{"line":22,"column":5}}]},"1":{"loc":{"start":{"line":20,"column":8},"end":{"line":20,"column":61}},"type":"binary-expr","locations":[{"start":{"line":20,"column":8},"end":{"line":20,"column":23}},{"start":{"line":20,"column":27},"end":{"line":20,"column":61}}]},"2":{"loc":{"start":{"line":25,"column":4},"end":{"line":30,"column":5}},"type":"if","locations":[{"start":{"line":25,"column":4},"end":{"line":30,"column":5}}]},"3":{"loc":{"start":{"line":27,"column":6},"end":{"line":29,"column":7}},"type":"if","locations":[{"start":{"line":27,"column":6},"end":{"line":29,"column":7}}]}},"s":{"0":2,"1":2,"2":2,"3":2,"4":2,"5":3,"6":3,"7":3,"8":1,"9":2,"10":2,"11":1,"12":1,"13":1,"14":1,"15":2,"16":2},"f":{"0":3,"1":1},"b":{"0":[1],"1":[3,2],"2":[1],"3":[1]}}
,"C:\\Users\\marvi\\OneDrive\\Documentos\\Projectos\\open-dsp\\dsp-backend\\src\\common\\utils\\crypto.util.ts": {"path":"C:\\Users\\marvi\\OneDrive\\Documentos\\Projectos\\open-dsp\\dsp-backend\\src\\common\\utils\\crypto.util.ts","statementMap":{"0":{"start":{"line":1,"column":0},"end":{"line":1,"column":33}},"1":{"start":{"line":8,"column":24},"end":{"line":8,"column":62}},"2":{"start":{"line":9,"column":19},"end":{"line":9,"column":44}},"3":{"start":{"line":10,"column":20},"end":{"line":10,"column":43}},"4":{"start":{"line":11,"column":22},"end":{"line":11,"column":91}},"5":{"start":{"line":12,"column":4},"end":{"line":12,"column":42}},"6":{"start":{"line":19,"column":4},"end":{"line":19,"column":68}},"7":{"start":{"line":26,"column":4},"end":{"line":26,"column":61}},"8":{"start":{"line":33,"column":17},"end":{"line":33,"column":80}},"9":{"start":{"line":34,"column":4},"end":{"line":34,"column":74}},"10":{"start":{"line":41,"column":30},"end":{"line":41,"column":70}},"11":{"start":{"line":42,"column":4},"end":{"line":46,"column":5}},"12":{"start":{"line":43,"column":6},"end":{"line":43,"column":92}},"13":{"start":{"line":45,"column":6},"end":{"line":45,"column":19}},"14":{"start":{"line":53,"column":4},"end":{"line":53,"column":50}},"15":{"start":{"line":3,"column":0},"end":{"line":3,"column":13}}},"fnMap":{"0":{"name":"(anonymous_0)","decl":{"start":{"line":7,"column":2},"end":{"line":7,"column":8}},"loc":{"start":{"line":7,"column":44},"end":{"line":13,"column":3}}},"1":{"name":"(anonymous_1)","decl":{"start":{"line":18,"column":2},"end":{"line":18,"column":8}},"loc":{"start":{"line":18,"column":34},"end":{"line":20,"column":3}}},"2":{"name":"(anonymous_2)","decl":{"start":{"line":25,"column":2},"end":{"line":25,"column":8}},"loc":{"start":{"line":25,"column":30},"end":{"line":27,"column":3}}},"3":{"name":"(anonymous_3)","decl":{"start":{"line":32,"column":2},"end":{"line":32,"column":8}},"loc":{"start":{"line":32,"column":68},"end":{"line":35,"column":3}}},"4":{"name":"(anonymous_4)","decl":{"start":{"line":40,"column":2},"end":{"line":40,"column":8}},"loc":{"start":{"line":40,"column":91},"end":{"line":47,"column":3}}},"5":{"name":"(anonymous_5)","decl":{"start":{"line":52,"column":2},"end":{"line":52,"column":8}},"loc":{"start":{"line":52,"column":30},"end":{"line":54,"column":3}}}},"branchMap":{"0":{"loc":{"start":{"line":7,"column":24},"end":{"line":7,"column":44}},"type":"default-arg","locations":[{"start":{"line":7,"column":33},"end":{"line":7,"column":44}}]},"1":{"loc":{"start":{"line":33,"column":17},"end":{"line":33,"column":80}},"type":"cond-expr","locations":[{"start":{"line":33,"column":47},"end":{"line":33,"column":54}},{"start":{"line":33,"column":57},"end":{"line":33,"column":80}}]}},"s":{"0":7,"1":1,"2":1,"3":1,"4":1,"5":1,"6":5,"7":1,"8":8,"9":8,"10":4,"11":4,"12":4,"13":2,"14":1,"15":7},"f":{"0":1,"1":5,"2":1,"3":8,"4":4,"5":1},"b":{"0":[0],"1":[0,8]}}
,"C:\\Users\\marvi\\OneDrive\\Documentos\\Projectos\\open-dsp\\dsp-backend\\src\\common\\utils\\geo.util.ts": {"path":"C:\\Users\\marvi\\OneDrive\\Documentos\\Projectos\\open-dsp\\dsp-backend\\src\\common\\utils\\geo.util.ts","statementMap":{"0":{"start":{"line":13,"column":14},"end":{"line":13,"column":18}},"1":{"start":{"line":14,"column":17},"end":{"line":14,"column":44}},"2":{"start":{"line":15,"column":17},"end":{"line":15,"column":44}},"3":{"start":{"line":17,"column":6},"end":{"line":21,"column":26}},"4":{"start":{"line":22,"column":14},"end":{"line":22,"column":60}},"5":{"start":{"line":23,"column":21},"end":{"line":23,"column":26}},"6":{"start":{"line":24,"column":4},"end":{"line":24,"column":43}},"7":{"start":{"line":31,"column":28},"end":{"line":31,"column":56}},"8":{"start":{"line":32,"column":30},"end":{"line":32,"column":50}},"9":{"start":{"line":33,"column":25},"end":{"line":33,"column":75}},"10":{"start":{"line":34,"column":4},"end":{"line":34,"column":37}},"11":{"start":{"line":45,"column":18},"end":{"line":45,"column":101}},"12":{"start":{"line":46,"column":25},"end":{"line":46,"column":54}},"13":{"start":{"line":47,"column":25},"end":{"line":47,"column":60}},"14":{"start":{"line":48,"column":21},"end":{"line":48,"column":76}},"15":{"start":{"line":50,"column":23},"end":{"line":50,"column":81}},"16":{"start":{"line":52,"column":25},"end":{"line":52,"column":66}},"17":{"start":{"line":54,"column":4},"end":{"line":59,"column":6}},"18":{"start":{"line":63,"column":4},"end":{"line":63,"column":37}},"19":{"start":{"line":8,"column":0},"end":{"line":8,"column":13}}},"fnMap":{"0":{"name":"(anonymous_0)","decl":{"start":{"line":12,"column":2},"end":{"line":12,"column":8}},"loc":{"start":{"line":12,"column":83},"end":{"line":25,"column":3}}},"1":{"name":"(anonymous_1)","decl":{"start":{"line":30,"column":2},"end":{"line":30,"column":8}},"loc":{"start":{"line":30,"column":98},"end":{"line":35,"column":3}}},"2":{"name":"(anonymous_2)","decl":{"start":{"line":40,"column":2},"end":{"line":40,"column":8}},"loc":{"start":{"line":43,"column":25},"end":{"line":60,"column":3}}},"3":{"name":"(anonymous_3)","decl":{"start":{"line":62,"column":10},"end":{"line":62,"column":16}},"loc":{"start":{"line":62,"column":42},"end":{"line":64,"column":3}}}},"branchMap":{"0":{"loc":{"start":{"line":30,"column":53},"end":{"line":30,"column":73}},"type":"default-arg","locations":[{"start":{"line":30,"column":71},"end":{"line":30,"column":73}}]},"1":{"loc":{"start":{"line":30,"column":75},"end":{"line":30,"column":98}},"type":"default-arg","locations":[{"start":{"line":30,"column":97},"end":{"line":30,"column":98}}]},"2":{"loc":{"start":{"line":45,"column":18},"end":{"line":45,"column":101}},"type":"cond-expr","locations":[{"start":{"line":45,"column":73},"end":{"line":45,"column":95}},{"start":{"line":45,"column":98},"end":{"line":45,"column":101}}]},"3":{"loc":{"start":{"line":45,"column":18},"end":{"line":45,"column":70}},"type":"binary-expr","locations":[{"start":{"line":45,"column":18},"end":{"line":45,"column":40}},{"start":{"line":45,"column":44},"end":{"line":45,"column":70}}]}},"s":{"0":1,"1":1,"2":1,"3":1,"4":1,"5":1,"6":1,"7":1,"8":1,"9":1,"10":1,"11":2,"12":2,"13":2,"14":2,"15":2,"16":2,"17":2,"18":4,"19":3},"f":{"0":1,"1":1,"2":2,"3":4},"b":{"0":[0],"1":[0],"2":[1,1],"3":[2,2]}}
,"C:\\Users\\marvi\\OneDrive\\Documentos\\Projectos\\open-dsp\\dsp-backend\\src\\modules\\auth\\auth.controller.ts": {"path":"C:\\Users\\marvi\\OneDrive\\Documentos\\Projectos\\open-dsp\\dsp-backend\\src\\modules\\auth\\auth.controller.ts","statementMap":{"0":{"start":{"line":1,"column":0},"end":{"line":1,"column":94}},"1":{"start":{"line":2,"column":0},"end":{"line":2,"column":84}},"2":{"start":{"line":3,"column":0},"end":{"line":3,"column":45}},"3":{"start":{"line":4,"column":0},"end":{"line":4,"column":43}},"4":{"start":{"line":5,"column":0},"end":{"line":5,"column":55}},"5":{"start":{"line":6,"column":0},"end":{"line":6,"column":66}},"6":{"start":{"line":7,"column":0},"end":{"line":7,"column":77}},"7":{"start":{"line":11,"column":7},"end":{"line":49,"column":null}},"8":{"start":{"line":12,"column":31},"end":{"line":12,"column":44}},"9":{"start":{"line":23,"column":4},"end":{"line":23,"column":39}},"10":{"start":{"line":34,"column":4},"end":{"line":34,"column":48}},"11":{"start":{"line":47,"column":4},"end":{"line":47,"column":16}},"12":{"start":{"line":11,"column":13},"end":{"line":11,"column":27}},"13":{"start":{"line":22,"column":8},"end":{"line":24,"column":null}},"14":{"start":{"line":33,"column":8},"end":{"line":35,"column":null}},"15":{"start":{"line":46,"column":8},"end":{"line":48,"column":null}},"16":{"start":{"line":11,"column":13},"end":{"line":49,"column":null}}},"fnMap":{"0":{"name":"(anonymous_4)","decl":{"start":{"line":12,"column":2},"end":{"line":12,"column":31}},"loc":{"start":{"line":12,"column":55},"end":{"line":12,"column":59}}},"1":{"name":"(anonymous_5)","decl":{"start":{"line":22,"column":2},"end":{"line":22,"column":7}},"loc":{"start":{"line":22,"column":35},"end":{"line":24,"column":3}}},"2":{"name":"(anonymous_6)","decl":{"start":{"line":33,"column":2},"end":{"line":33,"column":7}},"loc":{"start":{"line":33,"column":53},"end":{"line":35,"column":3}}},"3":{"name":"(anonymous_7)","decl":{"start":{"line":46,"column":2},"end":{"line":46,"column":7}},"loc":{"start":{"line":46,"column":38},"end":{"line":48,"column":3}}}},"branchMap":{},"s":{"0":1,"1":1,"2":1,"3":1,"4":1,"5":1,"6":1,"7":1,"8":5,"9":2,"10":2,"11":1,"12":1,"13":1,"14":1,"15":1,"16":1},"f":{"0":5,"1":2,"2":2,"3":1},"b":{}}
,"C:\\Users\\marvi\\OneDrive\\Documentos\\Projectos\\open-dsp\\dsp-backend\\src\\modules\\auth\\auth.service.ts": {"path":"C:\\Users\\marvi\\OneDrive\\Documentos\\Projectos\\open-dsp\\dsp-backend\\src\\modules\\auth\\auth.service.ts","statementMap":{"0":{"start":{"line":1,"column":0},"end":{"line":1,"column":86}},"1":{"start":{"line":2,"column":0},"end":{"line":2,"column":41}},"2":{"start":{"line":3,"column":0},"end":{"line":3,"column":51}},"3":{"start":{"line":4,"column":0},"end":{"line":4,"column":37}},"4":{"start":{"line":5,"column":0},"end":{"line":5,"column":33}},"5":{"start":{"line":6,"column":0},"end":{"line":6,"column":59}},"6":{"start":{"line":9,"column":0},"end":{"line":9,"column":67}},"7":{"start":{"line":12,"column":7},"end":{"line":126,"column":null}},"8":{"start":{"line":15,"column":21},"end":{"line":15,"column":39}},"9":{"start":{"line":16,"column":21},"end":{"line":16,"column":33}},"10":{"start":{"line":20,"column":21},"end":{"line":22,"column":6}},"11":{"start":{"line":23,"column":4},"end":{"line":25,"column":5}},"12":{"start":{"line":24,"column":6},"end":{"line":24,"column":99}},"13":{"start":{"line":27,"column":27},"end":{"line":27,"column":62}},"14":{"start":{"line":28,"column":19},"end":{"line":39,"column":6}},"15":{"start":{"line":41,"column":18},"end":{"line":41,"column":58}},"16":{"start":{"line":42,"column":18},"end":{"line":47,"column":6}},"17":{"start":{"line":49,"column":40},"end":{"line":49,"column":45}},"18":{"start":{"line":50,"column":4},"end":{"line":50,"column":54}},"19":{"start":{"line":54,"column":23},"end":{"line":54,"column":61}},"20":{"start":{"line":55,"column":17},"end":{"line":55,"column":35}},"21":{"start":{"line":59,"column":6},"end":{"line":60,"column":47}},"22":{"start":{"line":62,"column":4},"end":{"line":78,"column":5}},"23":{"start":{"line":63,"column":20},"end":{"line":68,"column":8}},"24":{"start":{"line":69,"column":6},"end":{"line":77,"column":8}},"25":{"start":{"line":81,"column":23},"end":{"line":81,"column":62}},"26":{"start":{"line":83,"column":17},"end":{"line":91,"column":15}},"27":{"start":{"line":94,"column":4},"end":{"line":98,"column":5}},"28":{"start":{"line":95,"column":6},"end":{"line":97,"column":9}},"29":{"start":{"line":100,"column":4},"end":{"line":102,"column":5}},"30":{"start":{"line":101,"column":6},"end":{"line":101,"column":74}},"31":{"start":{"line":105,"column":4},"end":{"line":110,"column":5}},"32":{"start":{"line":106,"column":22},"end":{"line":106,"column":65}},"33":{"start":{"line":107,"column":6},"end":{"line":109,"column":7}},"34":{"start":{"line":108,"column":8},"end":{"line":108,"column":72}},"35":{"start":{"line":112,"column":18},"end":{"line":117,"column":6}},"36":{"start":{"line":119,"column":40},"end":{"line":119,"column":46}},"37":{"start":{"line":120,"column":4},"end":{"line":120,"column":54}},"38":{"start":{"line":124,"column":4},"end":{"line":124,"column":41}},"39":{"start":{"line":12,"column":13},"end":{"line":12,"column":24}},"40":{"start":{"line":12,"column":13},"end":{"line":126,"column":null}}},"fnMap":{"0":{"name":"(anonymous_4)","decl":{"start":{"line":13,"column":2},"end":{"line":13,"column":null}},"loc":{"start":{"line":16,"column":43},"end":{"line":17,"column":6}}},"1":{"name":"(anonymous_5)","decl":{"start":{"line":19,"column":2},"end":{"line":19,"column":7}},"loc":{"start":{"line":19,"column":45},"end":{"line":51,"column":3}}},"2":{"name":"(anonymous_6)","decl":{"start":{"line":53,"column":2},"end":{"line":53,"column":7}},"loc":{"start":{"line":53,"column":27},"end":{"line":121,"column":3}}},"3":{"name":"(anonymous_7)","decl":{"start":{"line":123,"column":10},"end":{"line":123,"column":23}},"loc":{"start":{"line":123,"column":36},"end":{"line":125,"column":3}}}},"branchMap":{"0":{"loc":{"start":{"line":23,"column":4},"end":{"line":25,"column":5}},"type":"if","locations":[{"start":{"line":23,"column":4},"end":{"line":25,"column":5}}]},"1":{"loc":{"start":{"line":34,"column":20},"end":{"line":34,"column":45}},"type":"binary-expr","locations":[{"start":{"line":34,"column":20},"end":{"line":34,"column":36}},{"start":{"line":34,"column":40},"end":{"line":34,"column":45}}]},"2":{"loc":{"start":{"line":54,"column":24},"end":{"line":54,"column":39}},"type":"binary-expr","locations":[{"start":{"line":54,"column":24},"end":{"line":54,"column":33}},{"start":{"line":54,"column":37},"end":{"line":54,"column":39}}]},"3":{"loc":{"start":{"line":55,"column":17},"end":{"line":55,"column":35}},"type":"binary-expr","locations":[{"start":{"line":55,"column":17},"end":{"line":55,"column":29}},{"start":{"line":55,"column":33},"end":{"line":55,"column":35}}]},"4":{"loc":{"start":{"line":59,"column":6},"end":{"line":60,"column":47}},"type":"binary-expr","locations":[{"start":{"line":59,"column":7},"end":{"line":59,"column":29}},{"start":{"line":59,"column":33},"end":{"line":59,"column":63}},{"start":{"line":59,"column":67},"end":{"line":59,"column":105}},{"start":{"line":60,"column":7},"end":{"line":60,"column":23}},{"start":{"line":60,"column":27},"end":{"line":60,"column":46}}]},"5":{"loc":{"start":{"line":62,"column":4},"end":{"line":78,"column":5}},"type":"if","locations":[{"start":{"line":62,"column":4},"end":{"line":78,"column":5}}]},"6":{"loc":{"start":{"line":94,"column":4},"end":{"line":98,"column":5}},"type":"if","locations":[{"start":{"line":94,"column":4},"end":{"line":98,"column":5}}]},"7":{"loc":{"start":{"line":94,"column":8},"end":{"line":94,"column":112}},"type":"binary-expr","locations":[{"start":{"line":94,"column":8},"end":{"line":94,"column":15}},{"start":{"line":94,"column":20},"end":{"line":94,"column":47}},{"start":{"line":94,"column":51},"end":{"line":94,"column":78}},{"start":{"line":94,"column":82},"end":{"line":94,"column":111}}]},"8":{"loc":{"start":{"line":100,"column":4},"end":{"line":102,"column":5}},"type":"if","locations":[{"start":{"line":100,"column":4},"end":{"line":102,"column":5}}]},"9":{"loc":{"start":{"line":105,"column":4},"end":{"line":110,"column":5}},"type":"if","locations":[{"start":{"line":105,"column":4},"end":{"line":110,"column":5}}]},"10":{"loc":{"start":{"line":105,"column":8},"end":{"line":105,"column":101}},"type":"binary-expr","locations":[{"start":{"line":105,"column":8},"end":{"line":105,"column":23}},{"start":{"line":105,"column":27},"end":{"line":105,"column":31}},{"start":{"line":105,"column":35},"end":{"line":105,"column":52}},{"start":{"line":105,"column":56},"end":{"line":105,"column":75}},{"start":{"line":105,"column":79},"end":{"line":105,"column":101}}]},"11":{"loc":{"start":{"line":107,"column":6},"end":{"line":109,"column":7}},"type":"if","locations":[{"start":{"line":107,"column":6},"end":{"line":109,"column":7}}]}},"s":{"0":1,"1":1,"2":1,"3":1,"4":1,"5":1,"6":1,"7":1,"8":0,"9":0,"10":0,"11":0,"12":0,"13":0,"14":0,"15":0,"16":0,"17":0,"18":0,"19":0,"20":0,"21":0,"22":0,"23":0,"24":0,"25":0,"26":0,"27":0,"28":0,"29":0,"30":0,"31":0,"32":0,"33":0,"34":0,"35":0,"36":0,"37":0,"38":0,"39":1,"40":1},"f":{"0":0,"1":0,"2":0,"3":0},"b":{"0":[0],"1":[0,0],"2":[0,0],"3":[0,0],"4":[0,0,0,0,0],"5":[0],"6":[0],"7":[0,0,0,0],"8":[0],"9":[0],"10":[0,0,0,0,0],"11":[0]}}
,"C:\\Users\\marvi\\OneDrive\\Documentos\\Projectos\\open-dsp\\dsp-backend\\src\\modules\\auth\\dto\\login.dto.ts": {"path":"C:\\Users\\marvi\\OneDrive\\Documentos\\Projectos\\open-dsp\\dsp-backend\\src\\modules\\auth\\dto\\login.dto.ts","statementMap":{"0":{"start":{"line":1,"column":0},"end":{"line":1,"column":55}},"1":{"start":{"line":2,"column":0},"end":{"line":2,"column":46}},"2":{"start":{"line":4,"column":0},"end":{"line":4,"column":13}},"3":{"start":{"line":11,"column":2},"end":{"line":11,"column":null}},"4":{"start":{"line":19,"column":2},"end":{"line":19,"column":null}}},"fnMap":{},"branchMap":{},"s":{"0":1,"1":1,"2":1,"3":1,"4":1},"f":{},"b":{}}
,"C:\\Users\\marvi\\OneDrive\\Documentos\\Projectos\\open-dsp\\dsp-backend\\src\\modules\\auth\\dto\\register.dto.ts": {"path":"C:\\Users\\marvi\\OneDrive\\Documentos\\Projectos\\open-dsp\\dsp-backend\\src\\modules\\auth\\dto\\register.dto.ts","statementMap":{"0":{"start":{"line":1,"column":0},"end":{"line":1,"column":95}},"1":{"start":{"line":2,"column":0},"end":{"line":2,"column":46}},"2":{"start":{"line":3,"column":0},"end":{"line":3,"column":67}},"3":{"start":{"line":5,"column":0},"end":{"line":5,"column":13}},"4":{"start":{"line":12,"column":2},"end":{"line":12,"column":null}},"5":{"start":{"line":20,"column":2},"end":{"line":20,"column":null}},"6":{"start":{"line":28,"column":2},"end":{"line":28,"column":null}},"7":{"start":{"line":36,"column":2},"end":{"line":36,"column":null}},"8":{"start":{"line":45,"column":2},"end":{"line":45,"column":null}},"9":{"start":{"line":54,"column":2},"end":{"line":54,"column":null}}},"fnMap":{},"branchMap":{},"s":{"0":1,"1":1,"2":1,"3":1,"4":1,"5":1,"6":1,"7":1,"8":1,"9":1},"f":{},"b":{}}
,"C:\\Users\\marvi\\OneDrive\\Documentos\\Projectos\\open-dsp\\dsp-backend\\src\\modules\\auth\\strategies\\jwt.strategy.ts": {"path":"C:\\Users\\marvi\\OneDrive\\Documentos\\Projectos\\open-dsp\\dsp-backend\\src\\modules\\auth\\strategies\\jwt.strategy.ts","statementMap":{"0":{"start":{"line":1,"column":0},"end":{"line":1,"column":52}},"1":{"start":{"line":2,"column":0},"end":{"line":2,"column":52}},"2":{"start":{"line":3,"column":0},"end":{"line":3,"column":67}},"3":{"start":{"line":4,"column":0},"end":{"line":4,"column":47}},"4":{"start":{"line":7,"column":7},"end":{"line":28,"column":null}},"5":{"start":{"line":9,"column":4},"end":{"line":13,"column":7}},"6":{"start":{"line":17,"column":4},"end":{"line":19,"column":5}},"7":{"start":{"line":18,"column":6},"end":{"line":18,"column":40}},"8":{"start":{"line":20,"column":4},"end":{"line":26,"column":6}},"9":{"start":{"line":7,"column":13},"end":{"line":7,"column":24}},"10":{"start":{"line":7,"column":13},"end":{"line":28,"column":null}}},"fnMap":{"0":{"name":"(anonymous_2)","decl":{"start":{"line":8,"column":2},"end":{"line":8,"column":14}},"loc":{"start":{"line":8,"column":42},"end":{"line":14,"column":3}}},"1":{"name":"(anonymous_3)","decl":{"start":{"line":16,"column":2},"end":{"line":16,"column":7}},"loc":{"start":{"line":16,"column":29},"end":{"line":27,"column":3}}}},"branchMap":{"0":{"loc":{"start":{"line":17,"column":4},"end":{"line":19,"column":5}},"type":"if","locations":[{"start":{"line":17,"column":4},"end":{"line":19,"column":5}}]},"1":{"loc":{"start":{"line":17,"column":8},"end":{"line":17,"column":32}},"type":"binary-expr","locations":[{"start":{"line":17,"column":8},"end":{"line":17,"column":16}},{"start":{"line":17,"column":20},"end":{"line":17,"column":32}}]}},"s":{"0":0,"1":0,"2":0,"3":0,"4":0,"5":0,"6":0,"7":0,"8":0,"9":0,"10":0},"f":{"0":0,"1":0},"b":{"0":[0],"1":[0,0]}}
,"C:\\Users\\marvi\\OneDrive\\Documentos\\Projectos\\open-dsp\\dsp-backend\\src\\modules\\dispatch\\dispatch.controller.ts": {"path":"C:\\Users\\marvi\\OneDrive\\Documentos\\Projectos\\open-dsp\\dsp-backend\\src\\modules\\dispatch\\dispatch.controller.ts","statementMap":{"0":{"start":{"line":1,"column":0},"end":{"line":1,"column":85}},"1":{"start":{"line":2,"column":0},"end":{"line":2,"column":79}},"2":{"start":{"line":3,"column":0},"end":{"line":3,"column":53}},"3":{"start":{"line":4,"column":0},"end":{"line":4,"column":73}},"4":{"start":{"line":8,"column":7},"end":{"line":47,"column":null}},"5":{"start":{"line":9,"column":31},"end":{"line":9,"column":48}},"6":{"start":{"line":21,"column":4},"end":{"line":21,"column":58}},"7":{"start":{"line":33,"column":4},"end":{"line":33,"column":71}},"8":{"start":{"line":45,"column":4},"end":{"line":45,"column":72}},"9":{"start":{"line":8,"column":13},"end":{"line":8,"column":31}},"10":{"start":{"line":20,"column":8},"end":{"line":22,"column":null}},"11":{"start":{"line":32,"column":8},"end":{"line":34,"column":null}},"12":{"start":{"line":44,"column":8},"end":{"line":46,"column":null}},"13":{"start":{"line":8,"column":13},"end":{"line":47,"column":null}}},"fnMap":{"0":{"name":"(anonymous_4)","decl":{"start":{"line":9,"column":2},"end":{"line":9,"column":31}},"loc":{"start":{"line":9,"column":63},"end":{"line":9,"column":67}}},"1":{"name":"(anonymous_5)","decl":{"start":{"line":20,"column":2},"end":{"line":20,"column":7}},"loc":{"start":{"line":20,"column":49},"end":{"line":22,"column":3}}},"2":{"name":"(anonymous_6)","decl":{"start":{"line":32,"column":2},"end":{"line":32,"column":7}},"loc":{"start":{"line":32,"column":47},"end":{"line":34,"column":3}}},"3":{"name":"(anonymous_7)","decl":{"start":{"line":44,"column":2},"end":{"line":44,"column":7}},"loc":{"start":{"line":44,"column":49},"end":{"line":46,"column":3}}}},"branchMap":{},"s":{"0":1,"1":1,"2":1,"3":1,"4":1,"5":7,"6":2,"7":3,"8":2,"9":1,"10":1,"11":1,"12":1,"13":1},"f":{"0":7,"1":2,"2":3,"3":2},"b":{}}
,"C:\\Users\\marvi\\OneDrive\\Documentos\\Projectos\\open-dsp\\dsp-backend\\src\\modules\\dispatch\\dispatch.service.ts": {"path":"C:\\Users\\marvi\\OneDrive\\Documentos\\Projectos\\open-dsp\\dsp-backend\\src\\modules\\dispatch\\dispatch.service.ts","statementMap":{"0":{"start":{"line":1,"column":0},"end":{"line":1,"column":null}},"1":{"start":{"line":8,"column":0},"end":{"line":8,"column":51}},"2":{"start":{"line":9,"column":0},"end":{"line":9,"column":37}},"3":{"start":{"line":10,"column":0},"end":{"line":10,"column":63}},"4":{"start":{"line":11,"column":0},"end":{"line":11,"column":63}},"5":{"start":{"line":12,"column":0},"end":{"line":12,"column":77}},"6":{"start":{"line":13,"column":0},"end":{"line":13,"column":76}},"7":{"start":{"line":14,"column":0},"end":{"line":14,"column":59}},"8":{"start":{"line":17,"column":28},"end":{"line":189,"column":null}},"9":{"start":{"line":22,"column":21},"end":{"line":22,"column":32}},"10":{"start":{"line":24,"column":21},"end":{"line":24,"column":30}},"11":{"start":{"line":26,"column":21},"end":{"line":26,"column":33}},"12":{"start":{"line":27,"column":21},"end":{"line":27,"column":38}},"13":{"start":{"line":28,"column":21},"end":{"line":28,"column":38}},"14":{"start":{"line":18,"column":19},"end":{"line":18,"column":61}},"15":{"start":{"line":32,"column":18},"end":{"line":32,"column":74}},"16":{"start":{"line":33,"column":4},"end":{"line":35,"column":5}},"17":{"start":{"line":34,"column":6},"end":{"line":34,"column":77}},"18":{"start":{"line":37,"column":4},"end":{"line":39,"column":5}},"19":{"start":{"line":38,"column":6},"end":{"line":38,"column":52}},"20":{"start":{"line":41,"column":4},"end":{"line":41,"column":48}},"21":{"start":{"line":42,"column":4},"end":{"line":42,"column":37}},"22":{"start":{"line":45,"column":23},"end":{"line":48,"column":null}},"23":{"start":{"line":51,"column":4},"end":{"line":51,"column":119}},"24":{"start":{"line":53,"column":4},"end":{"line":55,"column":5}},"25":{"start":{"line":54,"column":6},"end":{"line":54,"column":52}},"26":{"start":{"line":58,"column":25},"end":{"line":58,"column":38}},"27":{"start":{"line":59,"column":18},"end":{"line":59,"column":49}},"28":{"start":{"line":60,"column":20},"end":{"line":60,"column":43}},"29":{"start":{"line":61,"column":21},"end":{"line":61,"column":84}},"30":{"start":{"line":63,"column":4},"end":{"line":65,"column":5}},"31":{"start":{"line":64,"column":6},"end":{"line":64,"column":111}},"32":{"start":{"line":67,"column":4},"end":{"line":67,"column":65}},"33":{"start":{"line":71,"column":18},"end":{"line":71,"column":74}},"34":{"start":{"line":72,"column":4},"end":{"line":74,"column":5}},"35":{"start":{"line":73,"column":6},"end":{"line":73,"column":57}},"36":{"start":{"line":76,"column":19},"end":{"line":76,"column":77}},"37":{"start":{"line":77,"column":4},"end":{"line":79,"column":5}},"38":{"start":{"line":78,"column":6},"end":{"line":78,"column":82}},"39":{"start":{"line":82,"column":4},"end":{"line":95,"column":5}},"40":{"start":{"line":88,"column":6},"end":{"line":94,"column":8}},"41":{"start":{"line":97,"column":4},"end":{"line":103,"column":5}},"42":{"start":{"line":102,"column":6},"end":{"line":102,"column":101}},"43":{"start":{"line":106,"column":27},"end":{"line":106,"column":39}},"44":{"start":{"line":107,"column":4},"end":{"line":107,"column":30}},"45":{"start":{"line":108,"column":4},"end":{"line":108,"column":40}},"46":{"start":{"line":109,"column":4},"end":{"line":109,"column":37}},"47":{"start":{"line":112,"column":18},"end":{"line":112,"column":49}},"48":{"start":{"line":113,"column":4},"end":{"line":113,"column":45}},"49":{"start":{"line":116,"column":4},"end":{"line":124,"column":6}},"50":{"start":{"line":127,"column":4},"end":{"line":141,"column":7}},"51":{"start":{"line":143,"column":4},"end":{"line":149,"column":6}},"52":{"start":{"line":153,"column":18},"end":{"line":153,"column":74}},"53":{"start":{"line":154,"column":4},"end":{"line":154,"column":67}},"54":{"start":{"line":154,"column":16},"end":{"line":154,"column":67}},"55":{"start":{"line":156,"column":19},"end":{"line":156,"column":77}},"56":{"start":{"line":157,"column":4},"end":{"line":157,"column":72}},"57":{"start":{"line":157,"column":17},"end":{"line":157,"column":72}},"58":{"start":{"line":159,"column":27},"end":{"line":159,"column":39}},"59":{"start":{"line":160,"column":4},"end":{"line":160,"column":30}},"60":{"start":{"line":161,"column":4},"end":{"line":161,"column":40}},"61":{"start":{"line":162,"column":4},"end":{"line":162,"column":37}},"62":{"start":{"line":164,"column":4},"end":{"line":172,"column":6}},"63":{"start":{"line":174,"column":4},"end":{"line":185,"column":7}},"64":{"start":{"line":187,"column":4},"end":{"line":187,"column":17}},"65":{"start":{"line":17,"column":13},"end":{"line":17,"column":28}},"66":{"start":{"line":17,"column":13},"end":{"line":189,"column":null}}},"fnMap":{"0":{"name":"(anonymous_4)","decl":{"start":{"line":20,"column":2},"end":{"line":20,"column":null}},"loc":{"start":{"line":28,"column":53},"end":{"line":29,"column":6}}},"1":{"name":"(anonymous_5)","decl":{"start":{"line":31,"column":2},"end":{"line":31,"column":7}},"loc":{"start":{"line":31,"column":40},"end":{"line":68,"column":3}}},"2":{"name":"(anonymous_6)","decl":{"start":{"line":70,"column":2},"end":{"line":70,"column":7}},"loc":{"start":{"line":70,"column":53},"end":{"line":150,"column":3}}},"3":{"name":"(anonymous_7)","decl":{"start":{"line":152,"column":2},"end":{"line":152,"column":7}},"loc":{"start":{"line":152,"column":54},"end":{"line":188,"column":3}}}},"branchMap":{"0":{"loc":{"start":{"line":33,"column":4},"end":{"line":35,"column":5}},"type":"if","locations":[{"start":{"line":33,"column":4},"end":{"line":35,"column":5}}]},"1":{"loc":{"start":{"line":37,"column":4},"end":{"line":39,"column":5}},"type":"if","locations":[{"start":{"line":37,"column":4},"end":{"line":39,"column":5}}]},"2":{"loc":{"start":{"line":37,"column":8},"end":{"line":37,"column":93}},"type":"binary-expr","locations":[{"start":{"line":37,"column":8},"end":{"line":37,"column":44}},{"start":{"line":37,"column":48},"end":{"line":37,"column":93}}]},"3":{"loc":{"start":{"line":53,"column":4},"end":{"line":55,"column":5}},"type":"if","locations":[{"start":{"line":53,"column":4},"end":{"line":55,"column":5}}]},"4":{"loc":{"start":{"line":63,"column":4},"end":{"line":65,"column":5}},"type":"if","locations":[{"start":{"line":63,"column":4},"end":{"line":65,"column":5}}]},"5":{"loc":{"start":{"line":72,"column":4},"end":{"line":74,"column":5}},"type":"if","locations":[{"start":{"line":72,"column":4},"end":{"line":74,"column":5}}]},"6":{"loc":{"start":{"line":77,"column":4},"end":{"line":79,"column":5}},"type":"if","locations":[{"start":{"line":77,"column":4},"end":{"line":79,"column":5}}]},"7":{"loc":{"start":{"line":77,"column":8},"end":{"line":77,"column":35}},"type":"binary-expr","locations":[{"start":{"line":77,"column":8},"end":{"line":77,"column":15}},{"start":{"line":77,"column":19},"end":{"line":77,"column":35}}]},"8":{"loc":{"start":{"line":82,"column":4},"end":{"line":95,"column":5}},"type":"if","locations":[{"start":{"line":82,"column":4},"end":{"line":95,"column":5}}]},"9":{"loc":{"start":{"line":83,"column":6},"end":{"line":86,"column":48}},"type":"binary-expr","locations":[{"start":{"line":83,"column":6},"end":{"line":83,"column":33}},{"start":{"line":84,"column":7},"end":{"line":84,"column":44}},{"start":{"line":85,"column":8},"end":{"line":85,"column":54}},{"start":{"line":86,"column":8},"end":{"line":86,"column":47}}]},"10":{"loc":{"start":{"line":97,"column":4},"end":{"line":103,"column":5}},"type":"if","locations":[{"start":{"line":97,"column":4},"end":{"line":103,"column":5}}]},"11":{"loc":{"start":{"line":98,"column":6},"end":{"line":100,"column":43}},"type":"binary-expr","locations":[{"start":{"line":98,"column":6},"end":{"line":98,"column":42}},{"start":{"line":99,"column":6},"end":{"line":99,"column":51}},{"start":{"line":100,"column":6},"end":{"line":100,"column":43}}]},"12":{"loc":{"start":{"line":154,"column":4},"end":{"line":154,"column":67}},"type":"if","locations":[{"start":{"line":154,"column":4},"end":{"line":154,"column":67}}]},"13":{"loc":{"start":{"line":157,"column":4},"end":{"line":157,"column":72}},"type":"if","locations":[{"start":{"line":157,"column":4},"end":{"line":157,"column":72}}]}},"s":{"0":2,"1":2,"2":2,"3":2,"4":2,"5":2,"6":2,"7":2,"8":2,"9":0,"10":0,"11":0,"12":0,"13":0,"14":0,"15":0,"16":0,"17":0,"18":0,"19":0,"20":0,"21":0,"22":0,"23":0,"24":0,"25":0,"26":0,"27":0,"28":0,"29":0,"30":0,"31":0,"32":0,"33":0,"34":0,"35":0,"36":0,"37":0,"38":0,"39":0,"40":0,"41":0,"42":0,"43":0,"44":0,"45":0,"46":0,"47":0,"48":0,"49":0,"50":0,"51":0,"52":0,"53":0,"54":0,"55":0,"56":0,"57":0,"58":0,"59":0,"60":0,"61":0,"62":0,"63":0,"64":0,"65":2,"66":2},"f":{"0":0,"1":0,"2":0,"3":0},"b":{"0":[0],"1":[0],"2":[0,0],"3":[0],"4":[0],"5":[0],"6":[0],"7":[0,0],"8":[0],"9":[0,0,0,0],"10":[0],"11":[0,0,0],"12":[0],"13":[0]}}
,"C:\\Users\\marvi\\OneDrive\\Documentos\\Projectos\\open-dsp\\dsp-backend\\src\\modules\\dispatch\\dto\\accept-order.dto.ts": {"path":"C:\\Users\\marvi\\OneDrive\\Documentos\\Projectos\\open-dsp\\dsp-backend\\src\\modules\\dispatch\\dto\\accept-order.dto.ts","statementMap":{"0":{"start":{"line":1,"column":0},"end":{"line":1,"column":63}},"1":{"start":{"line":2,"column":0},"end":{"line":2,"column":46}},"2":{"start":{"line":4,"column":0},"end":{"line":4,"column":13}},"3":{"start":{"line":11,"column":2},"end":{"line":11,"column":null}},"4":{"start":{"line":19,"column":2},"end":{"line":19,"column":null}},"5":{"start":{"line":22,"column":0},"end":{"line":22,"column":13}},"6":{"start":{"line":29,"column":2},"end":{"line":29,"column":null}},"7":{"start":{"line":37,"column":2},"end":{"line":37,"column":null}},"8":{"start":{"line":44,"column":2},"end":{"line":44,"column":null}},"9":{"start":{"line":47,"column":0},"end":{"line":47,"column":13}},"10":{"start":{"line":54,"column":2},"end":{"line":54,"column":null}},"11":{"start":{"line":62,"column":2},"end":{"line":62,"column":null}}},"fnMap":{},"branchMap":{},"s":{"0":1,"1":1,"2":1,"3":1,"4":1,"5":1,"6":1,"7":1,"8":1,"9":1,"10":1,"11":1},"f":{},"b":{}}
,"C:\\Users\\marvi\\OneDrive\\Documentos\\Projectos\\open-dsp\\dsp-backend\\src\\modules\\drivers\\drivers.controller.ts": {"path":"C:\\Users\\marvi\\OneDrive\\Documentos\\Projectos\\open-dsp\\dsp-backend\\src\\modules\\drivers\\drivers.controller.ts","statementMap":{"0":{"start":{"line":1,"column":0},"end":{"line":1,"column":75}},"1":{"start":{"line":2,"column":0},"end":{"line":2,"column":79}},"2":{"start":{"line":3,"column":0},"end":{"line":3,"column":51}},"3":{"start":{"line":4,"column":0},"end":{"line":4,"column":65}},"4":{"start":{"line":9,"column":7},"end":{"line":104,"column":null}},"5":{"start":{"line":10,"column":31},"end":{"line":10,"column":47}},"6":{"start":{"line":19,"column":4},"end":{"line":19,"column":47}},"7":{"start":{"line":31,"column":4},"end":{"line":31,"column":49}},"8":{"start":{"line":39,"column":4},"end":{"line":39,"column":55}},"9":{"start":{"line":47,"column":4},"end":{"line":47,"column":57}},"10":{"start":{"line":58,"column":4},"end":{"line":58,"column":73}},"11":{"start":{"line":69,"column":4},"end":{"line":69,"column":68}},"12":{"start":{"line":80,"column":4},"end":{"line":80,"column":61}},"13":{"start":{"line":91,"column":4},"end":{"line":91,"column":59}},"14":{"start":{"line":102,"column":4},"end":{"line":102,"column":51}},"15":{"start":{"line":9,"column":13},"end":{"line":9,"column":30}},"16":{"start":{"line":18,"column":8},"end":{"line":20,"column":null}},"17":{"start":{"line":30,"column":8},"end":{"line":32,"column":null}},"18":{"start":{"line":38,"column":8},"end":{"line":40,"column":null}},"19":{"start":{"line":46,"column":8},"end":{"line":48,"column":null}},"20":{"start":{"line":54,"column":8},"end":{"line":59,"column":null}},"21":{"start":{"line":68,"column":8},"end":{"line":70,"column":null}},"22":{"start":{"line":79,"column":8},"end":{"line":81,"column":null}},"23":{"start":{"line":90,"column":8},"end":{"line":92,"column":null}},"24":{"start":{"line":101,"column":8},"end":{"line":103,"column":null}},"25":{"start":{"line":9,"column":13},"end":{"line":104,"column":null}}},"fnMap":{"0":{"name":"(anonymous_4)","decl":{"start":{"line":10,"column":2},"end":{"line":10,"column":31}},"loc":{"start":{"line":10,"column":61},"end":{"line":10,"column":65}}},"1":{"name":"(anonymous_5)","decl":{"start":{"line":18,"column":2},"end":{"line":18,"column":7}},"loc":{"start":{"line":18,"column":21},"end":{"line":20,"column":3}}},"2":{"name":"(anonymous_6)","decl":{"start":{"line":30,"column":2},"end":{"line":30,"column":7}},"loc":{"start":{"line":30,"column":45},"end":{"line":32,"column":3}}},"3":{"name":"(anonymous_7)","decl":{"start":{"line":38,"column":2},"end":{"line":38,"column":7}},"loc":{"start":{"line":38,"column":64},"end":{"line":40,"column":3}}},"4":{"name":"(anonymous_8)","decl":{"start":{"line":46,"column":2},"end":{"line":46,"column":7}},"loc":{"start":{"line":46,"column":66},"end":{"line":48,"column":3}}},"5":{"name":"(anonymous_9)","decl":{"start":{"line":54,"column":2},"end":{"line":54,"column":7}},"loc":{"start":{"line":56,"column":54},"end":{"line":59,"column":3}}},"6":{"name":"(anonymous_10)","decl":{"start":{"line":68,"column":2},"end":{"line":68,"column":7}},"loc":{"start":{"line":68,"column":74},"end":{"line":70,"column":3}}},"7":{"name":"(anonymous_11)","decl":{"start":{"line":79,"column":2},"end":{"line":79,"column":7}},"loc":{"start":{"line":79,"column":45},"end":{"line":81,"column":3}}},"8":{"name":"(anonymous_12)","decl":{"start":{"line":90,"column":2},"end":{"line":90,"column":7}},"loc":{"start":{"line":90,"column":46},"end":{"line":92,"column":3}}},"9":{"name":"(anonymous_13)","decl":{"start":{"line":101,"column":2},"end":{"line":101,"column":7}},"loc":{"start":{"line":101,"column":47},"end":{"line":103,"column":3}}}},"branchMap":{},"s":{"0":1,"1":1,"2":1,"3":1,"4":1,"5":11,"6":1,"7":2,"8":1,"9":1,"10":1,"11":2,"12":1,"13":1,"14":1,"15":1,"16":1,"17":1,"18":1,"19":1,"20":1,"21":1,"22":1,"23":1,"24":1,"25":1},"f":{"0":11,"1":1,"2":2,"3":1,"4":1,"5":1,"6":2,"7":1,"8":1,"9":1},"b":{}}
,"C:\\Users\\marvi\\OneDrive\\Documentos\\Projectos\\open-dsp\\dsp-backend\\src\\modules\\drivers\\drivers.service.ts": {"path":"C:\\Users\\marvi\\OneDrive\\Documentos\\Projectos\\open-dsp\\dsp-backend\\src\\modules\\drivers\\drivers.service.ts","statementMap":{"0":{"start":{"line":1,"column":0},"end":{"line":1,"column":84}},"1":{"start":{"line":2,"column":0},"end":{"line":2,"column":51}},"2":{"start":{"line":3,"column":0},"end":{"line":3,"column":37}},"3":{"start":{"line":4,"column":0},"end":{"line":4,"column":76}},"4":{"start":{"line":5,"column":0},"end":{"line":5,"column":86}},"5":{"start":{"line":6,"column":0},"end":{"line":6,"column":77}},"6":{"start":{"line":7,"column":0},"end":{"line":7,"column":63}},"7":{"start":{"line":10,"column":7},"end":{"line":119,"column":null}},"8":{"start":{"line":13,"column":21},"end":{"line":13,"column":33}},"9":{"start":{"line":15,"column":21},"end":{"line":15,"column":35}},"10":{"start":{"line":17,"column":21},"end":{"line":17,"column":32}},"11":{"start":{"line":18,"column":21},"end":{"line":18,"column":38}},"12":{"start":{"line":22,"column":4},"end":{"line":22,"column":66}},"13":{"start":{"line":26,"column":19},"end":{"line":26,"column":67}},"14":{"start":{"line":27,"column":4},"end":{"line":27,"column":73}},"15":{"start":{"line":27,"column":17},"end":{"line":27,"column":73}},"16":{"start":{"line":28,"column":4},"end":{"line":28,"column":18}},"17":{"start":{"line":32,"column":19},"end":{"line":32,"column":47}},"18":{"start":{"line":33,"column":4},"end":{"line":33,"column":55}},"19":{"start":{"line":33,"column":23},"end":{"line":33,"column":55}},"20":{"start":{"line":34,"column":4},"end":{"line":34,"column":46}},"21":{"start":{"line":34,"column":20},"end":{"line":34,"column":46}},"22":{"start":{"line":35,"column":4},"end":{"line":35,"column":64}},"23":{"start":{"line":35,"column":26},"end":{"line":35,"column":64}},"24":{"start":{"line":36,"column":4},"end":{"line":36,"column":67}},"25":{"start":{"line":36,"column":27},"end":{"line":36,"column":67}},"26":{"start":{"line":37,"column":4},"end":{"line":37,"column":58}},"27":{"start":{"line":37,"column":24},"end":{"line":37,"column":58}},"28":{"start":{"line":38,"column":4},"end":{"line":38,"column":40}},"29":{"start":{"line":47,"column":19},"end":{"line":47,"column":47}},"30":{"start":{"line":48,"column":4},"end":{"line":48,"column":58}},"31":{"start":{"line":48,"column":24},"end":{"line":48,"column":58}},"32":{"start":{"line":49,"column":4},"end":{"line":49,"column":61}},"33":{"start":{"line":49,"column":25},"end":{"line":49,"column":61}},"34":{"start":{"line":50,"column":4},"end":{"line":50,"column":52}},"35":{"start":{"line":50,"column":22},"end":{"line":50,"column":52}},"36":{"start":{"line":51,"column":4},"end":{"line":51,"column":76}},"37":{"start":{"line":51,"column":30},"end":{"line":51,"column":76}},"38":{"start":{"line":52,"column":4},"end":{"line":52,"column":65}},"39":{"start":{"line":53,"column":4},"end":{"line":53,"column":40}},"40":{"start":{"line":57,"column":19},"end":{"line":57,"column":47}},"41":{"start":{"line":58,"column":4},"end":{"line":58,"column":39}},"42":{"start":{"line":59,"column":4},"end":{"line":59,"column":40}},"43":{"start":{"line":63,"column":19},"end":{"line":63,"column":53}},"44":{"start":{"line":66,"column":4},"end":{"line":68,"column":5}},"45":{"start":{"line":67,"column":6},"end":{"line":67,"column":91}},"46":{"start":{"line":70,"column":4},"end":{"line":70,"column":31}},"47":{"start":{"line":71,"column":18},"end":{"line":71,"column":52}},"48":{"start":{"line":73,"column":4},"end":{"line":75,"column":5}},"49":{"start":{"line":74,"column":6},"end":{"line":74,"column":64}},"50":{"start":{"line":77,"column":4},"end":{"line":77,"column":17}},"51":{"start":{"line":81,"column":28},"end":{"line":88,"column":6}},"52":{"start":{"line":90,"column":4},"end":{"line":90,"column":27}},"53":{"start":{"line":94,"column":24},"end":{"line":101,"column":6}},"54":{"start":{"line":103,"column":4},"end":{"line":103,"column":31}},"55":{"start":{"line":107,"column":19},"end":{"line":107,"column":53}},"56":{"start":{"line":108,"column":25},"end":{"line":111,"column":6}},"57":{"start":{"line":113,"column":4},"end":{"line":117,"column":6}},"58":{"start":{"line":10,"column":13},"end":{"line":10,"column":27}},"59":{"start":{"line":10,"column":13},"end":{"line":119,"column":null}}},"fnMap":{"0":{"name":"(anonymous_4)","decl":{"start":{"line":11,"column":2},"end":{"line":11,"column":null}},"loc":{"start":{"line":18,"column":53},"end":{"line":19,"column":6}}},"1":{"name":"(anonymous_5)","decl":{"start":{"line":21,"column":2},"end":{"line":21,"column":7}},"loc":{"start":{"line":21,"column":21},"end":{"line":23,"column":3}}},"2":{"name":"(anonymous_6)","decl":{"start":{"line":25,"column":2},"end":{"line":25,"column":7}},"loc":{"start":{"line":25,"column":32},"end":{"line":29,"column":3}}},"3":{"name":"(anonymous_7)","decl":{"start":{"line":31,"column":2},"end":{"line":31,"column":7}},"loc":{"start":{"line":31,"column":55},"end":{"line":39,"column":3}}},"4":{"name":"(anonymous_8)","decl":{"start":{"line":41,"column":2},"end":{"line":41,"column":7}},"loc":{"start":{"line":46,"column":3},"end":{"line":54,"column":3}}},"5":{"name":"(anonymous_9)","decl":{"start":{"line":56,"column":2},"end":{"line":56,"column":7}},"loc":{"start":{"line":56,"column":77},"end":{"line":60,"column":3}}},"6":{"name":"(anonymous_10)","decl":{"start":{"line":62,"column":2},"end":{"line":62,"column":7}},"loc":{"start":{"line":62,"column":62},"end":{"line":78,"column":3}}},"7":{"name":"(anonymous_11)","decl":{"start":{"line":80,"column":2},"end":{"line":80,"column":7}},"loc":{"start":{"line":80,"column":50},"end":{"line":91,"column":3}}},"8":{"name":"(anonymous_12)","decl":{"start":{"line":93,"column":2},"end":{"line":93,"column":7}},"loc":{"start":{"line":93,"column":48},"end":{"line":104,"column":3}}},"9":{"name":"(anonymous_13)","decl":{"start":{"line":106,"column":2},"end":{"line":106,"column":7}},"loc":{"start":{"line":106,"column":40},"end":{"line":118,"column":3}}}},"branchMap":{"0":{"loc":{"start":{"line":27,"column":4},"end":{"line":27,"column":73}},"type":"if","locations":[{"start":{"line":27,"column":4},"end":{"line":27,"column":73}}]},"1":{"loc":{"start":{"line":33,"column":4},"end":{"line":33,"column":55}},"type":"if","locations":[{"start":{"line":33,"column":4},"end":{"line":33,"column":55}}]},"2":{"loc":{"start":{"line":34,"column":4},"end":{"line":34,"column":46}},"type":"if","locations":[{"start":{"line":34,"column":4},"end":{"line":34,"column":46}}]},"3":{"loc":{"start":{"line":35,"column":4},"end":{"line":35,"column":64}},"type":"if","locations":[{"start":{"line":35,"column":4},"end":{"line":35,"column":64}}]},"4":{"loc":{"start":{"line":36,"column":4},"end":{"line":36,"column":67}},"type":"if","locations":[{"start":{"line":36,"column":4},"end":{"line":36,"column":67}}]},"5":{"loc":{"start":{"line":37,"column":4},"end":{"line":37,"column":58}},"type":"if","locations":[{"start":{"line":37,"column":4},"end":{"line":37,"column":58}}]},"6":{"loc":{"start":{"line":48,"column":4},"end":{"line":48,"column":58}},"type":"if","locations":[{"start":{"line":48,"column":4},"end":{"line":48,"column":58}}]},"7":{"loc":{"start":{"line":49,"column":4},"end":{"line":49,"column":61}},"type":"if","locations":[{"start":{"line":49,"column":4},"end":{"line":49,"column":61}}]},"8":{"loc":{"start":{"line":50,"column":4},"end":{"line":50,"column":52}},"type":"if","locations":[{"start":{"line":50,"column":4},"end":{"line":50,"column":52}}]},"9":{"loc":{"start":{"line":51,"column":4},"end":{"line":51,"column":76}},"type":"if","locations":[{"start":{"line":51,"column":4},"end":{"line":51,"column":76}}]},"10":{"loc":{"start":{"line":66,"column":4},"end":{"line":68,"column":5}},"type":"if","locations":[{"start":{"line":66,"column":4},"end":{"line":68,"column":5}}]},"11":{"loc":{"start":{"line":66,"column":8},"end":{"line":66,"column":83}},"type":"binary-expr","locations":[{"start":{"line":66,"column":8},"end":{"line":66,"column":16}},{"start":{"line":66,"column":20},"end":{"line":66,"column":83}}]},"12":{"loc":{"start":{"line":73,"column":4},"end":{"line":75,"column":5}},"type":"if","locations":[{"start":{"line":73,"column":4},"end":{"line":75,"column":5}}]},"13":{"loc":{"start":{"line":103,"column":11},"end":{"line":103,"column":30}},"type":"binary-expr","locations":[{"start":{"line":103,"column":11},"end":{"line":103,"column":22}},{"start":{"line":103,"column":26},"end":{"line":103,"column":30}}]}},"s":{"0":1,"1":1,"2":1,"3":1,"4":1,"5":1,"6":1,"7":1,"8":0,"9":0,"10":0,"11":0,"12":0,"13":0,"14":0,"15":0,"16":0,"17":0,"18":0,"19":0,"20":0,"21":0,"22":0,"23":0,"24":0,"25":0,"26":0,"27":0,"28":0,"29":0,"30":0,"31":0,"32":0,"33":0,"34":0,"35":0,"36":0,"37":0,"38":0,"39":0,"40":0,"41":0,"42":0,"43":0,"44":0,"45":0,"46":0,"47":0,"48":0,"49":0,"50":0,"51":0,"52":0,"53":0,"54":0,"55":0,"56":0,"57":0,"58":1,"59":1},"f":{"0":0,"1":0,"2":0,"3":0,"4":0,"5":0,"6":0,"7":0,"8":0,"9":0},"b":{"0":[0],"1":[0],"2":[0],"3":[0],"4":[0],"5":[0],"6":[0],"7":[0],"8":[0],"9":[0],"10":[0],"11":[0,0],"12":[0],"13":[0,0]}}
,"C:\\Users\\marvi\\OneDrive\\Documentos\\Projectos\\open-dsp\\dsp-backend\\src\\modules\\drivers\\dto\\update-driver-status.dto.ts": {"path":"C:\\Users\\marvi\\OneDrive\\Documentos\\Projectos\\open-dsp\\dsp-backend\\src\\modules\\drivers\\dto\\update-driver-status.dto.ts","statementMap":{"0":{"start":{"line":1,"column":0},"end":{"line":1,"column":56}},"1":{"start":{"line":2,"column":0},"end":{"line":2,"column":46}},"2":{"start":{"line":4,"column":0},"end":{"line":4,"column":13}},"3":{"start":{"line":11,"column":2},"end":{"line":11,"column":null}}},"fnMap":{},"branchMap":{},"s":{"0":1,"1":1,"2":1,"3":1},"f":{},"b":{}}
,"C:\\Users\\marvi\\OneDrive\\Documentos\\Projectos\\open-dsp\\dsp-backend\\src\\modules\\drivers\\entities\\driver-wallet-transaction.entity.ts": {"path":"C:\\Users\\marvi\\OneDrive\\Documentos\\Projectos\\open-dsp\\dsp-backend\\src\\modules\\drivers\\entities\\driver-wallet-transaction.entity.ts","statementMap":{"0":{"start":{"line":1,"column":0},"end":{"line":1,"column":null}},"1":{"start":{"line":9,"column":7},"end":{"line":30,"column":null}},"2":{"start":{"line":9,"column":13},"end":{"line":9,"column":36}},"3":{"start":{"line":11,"column":2},"end":{"line":11,"column":null}},"4":{"start":{"line":14,"column":2},"end":{"line":14,"column":null}},"5":{"start":{"line":17,"column":2},"end":{"line":17,"column":null}},"6":{"start":{"line":20,"column":2},"end":{"line":20,"column":null}},"7":{"start":{"line":23,"column":2},"end":{"line":23,"column":null}},"8":{"start":{"line":26,"column":2},"end":{"line":26,"column":null}},"9":{"start":{"line":29,"column":2},"end":{"line":29,"column":null}},"10":{"start":{"line":9,"column":13},"end":{"line":30,"column":null}}},"fnMap":{},"branchMap":{},"s":{"0":2,"1":2,"2":2,"3":2,"4":2,"5":2,"6":2,"7":2,"8":2,"9":2,"10":2},"f":{},"b":{}}
,"C:\\Users\\marvi\\OneDrive\\Documentos\\Projectos\\open-dsp\\dsp-backend\\src\\modules\\drivers\\entities\\driver.entity.ts": {"path":"C:\\Users\\marvi\\OneDrive\\Documentos\\Projectos\\open-dsp\\dsp-backend\\src\\modules\\drivers\\entities\\driver.entity.ts","statementMap":{"0":{"start":{"line":1,"column":0},"end":{"line":1,"column":null}},"1":{"start":{"line":9,"column":0},"end":{"line":9,"column":null}},"2":{"start":{"line":10,"column":2},"end":{"line":10,"column":null}},"3":{"start":{"line":11,"column":2},"end":{"line":11,"column":null}},"4":{"start":{"line":12,"column":2},"end":{"line":12,"column":null}},"5":{"start":{"line":15,"column":0},"end":{"line":15,"column":null}},"6":{"start":{"line":16,"column":2},"end":{"line":16,"column":null}},"7":{"start":{"line":17,"column":2},"end":{"line":17,"column":null}},"8":{"start":{"line":18,"column":2},"end":{"line":18,"column":null}},"9":{"start":{"line":22,"column":7},"end":{"line":93,"column":null}},"10":{"start":{"line":22,"column":13},"end":{"line":22,"column":19}},"11":{"start":{"line":24,"column":2},"end":{"line":24,"column":null}},"12":{"start":{"line":27,"column":2},"end":{"line":27,"column":null}},"13":{"start":{"line":30,"column":2},"end":{"line":30,"column":null}},"14":{"start":{"line":33,"column":2},"end":{"line":33,"column":null}},"15":{"start":{"line":36,"column":2},"end":{"line":36,"column":null}},"16":{"start":{"line":43,"column":2},"end":{"line":43,"column":null}},"17":{"start":{"line":46,"column":2},"end":{"line":46,"column":null}},"18":{"start":{"line":49,"column":2},"end":{"line":49,"column":null}},"19":{"start":{"line":56,"column":2},"end":{"line":56,"column":null}},"20":{"start":{"line":59,"column":2},"end":{"line":59,"column":null}},"21":{"start":{"line":62,"column":2},"end":{"line":62,"column":null}},"22":{"start":{"line":65,"column":2},"end":{"line":65,"column":null}},"23":{"start":{"line":68,"column":2},"end":{"line":68,"column":null}},"24":{"start":{"line":71,"column":2},"end":{"line":71,"column":null}},"25":{"start":{"line":74,"column":2},"end":{"line":74,"column":null}},"26":{"start":{"line":77,"column":2},"end":{"line":77,"column":null}},"27":{"start":{"line":80,"column":2},"end":{"line":80,"column":null}},"28":{"start":{"line":83,"column":2},"end":{"line":83,"column":null}},"29":{"start":{"line":86,"column":2},"end":{"line":86,"column":null}},"30":{"start":{"line":89,"column":2},"end":{"line":89,"column":null}},"31":{"start":{"line":92,"column":2},"end":{"line":92,"column":null}},"32":{"start":{"line":22,"column":13},"end":{"line":93,"column":null}}},"fnMap":{"0":{"name":"(anonymous_2)","decl":{"start":{"line":9,"column":0},"end":{"line":9,"column":12}},"loc":{"start":{"line":9,"column":23},"end":{"line":13,"column":1}}},"1":{"name":"(anonymous_3)","decl":{"start":{"line":15,"column":0},"end":{"line":15,"column":12}},"loc":{"start":{"line":15,"column":36},"end":{"line":19,"column":1}}}},"branchMap":{"0":{"loc":{"start":{"line":9,"column":12},"end":{"line":9,"column":null}},"type":"binary-expr","locations":[{"start":{"line":9,"column":12},"end":{"line":9,"column":23}},{"start":{"line":9,"column":23},"end":{"line":9,"column":null}}]},"1":{"loc":{"start":{"line":15,"column":12},"end":{"line":15,"column":null}},"type":"binary-expr","locations":[{"start":{"line":15,"column":12},"end":{"line":15,"column":36}},{"start":{"line":15,"column":36},"end":{"line":15,"column":null}}]}},"s":{"0":4,"1":4,"2":4,"3":4,"4":4,"5":4,"6":4,"7":4,"8":4,"9":4,"10":4,"11":4,"12":4,"13":4,"14":4,"15":4,"16":4,"17":4,"18":4,"19":4,"20":4,"21":4,"22":4,"23":4,"24":4,"25":4,"26":4,"27":4,"28":4,"29":4,"30":4,"31":4,"32":4},"f":{"0":4,"1":4},"b":{"0":[4,4],"1":[4,4]}}
,"C:\\Users\\marvi\\OneDrive\\Documentos\\Projectos\\open-dsp\\dsp-backend\\src\\modules\\orders\\orders.controller.ts": {"path":"C:\\Users\\marvi\\OneDrive\\Documentos\\Projectos\\open-dsp\\dsp-backend\\src\\modules\\orders\\orders.controller.ts","statementMap":{"0":{"start":{"line":1,"column":0},"end":{"line":1,"column":null}},"1":{"start":{"line":12,"column":0},"end":{"line":12,"column":null}},"2":{"start":{"line":21,"column":0},"end":{"line":21,"column":49}},"3":{"start":{"line":22,"column":0},"end":{"line":22,"column":56}},"4":{"start":{"line":23,"column":0},"end":{"line":23,"column":69}},"5":{"start":{"line":24,"column":0},"end":{"line":24,"column":54}},"6":{"start":{"line":25,"column":0},"end":{"line":25,"column":64}},"7":{"start":{"line":26,"column":0},"end":{"line":26,"column":81}},"8":{"start":{"line":27,"column":0},"end":{"line":27,"column":59}},"9":{"start":{"line":28,"column":0},"end":{"line":28,"column":91}},"10":{"start":{"line":32,"column":7},"end":{"line":111,"column":null}},"11":{"start":{"line":33,"column":31},"end":{"line":33,"column":46}},"12":{"start":{"line":55,"column":4},"end":{"line":55,"column":58}},"13":{"start":{"line":70,"column":4},"end":{"line":70,"column":61}},"14":{"start":{"line":82,"column":4},"end":{"line":82,"column":47}},"15":{"start":{"line":97,"column":4},"end":{"line":97,"column":67}},"16":{"start":{"line":109,"column":4},"end":{"line":109,"column":55}},"17":{"start":{"line":32,"column":13},"end":{"line":32,"column":29}},"18":{"start":{"line":51,"column":8},"end":{"line":56,"column":null}},"19":{"start":{"line":66,"column":8},"end":{"line":71,"column":null}},"20":{"start":{"line":81,"column":8},"end":{"line":83,"column":null}},"21":{"start":{"line":93,"column":8},"end":{"line":98,"column":null}},"22":{"start":{"line":108,"column":8},"end":{"line":110,"column":null}},"23":{"start":{"line":32,"column":13},"end":{"line":111,"column":null}}},"fnMap":{"0":{"name":"(anonymous_4)","decl":{"start":{"line":33,"column":2},"end":{"line":33,"column":31}},"loc":{"start":{"line":33,"column":59},"end":{"line":33,"column":63}}},"1":{"name":"(anonymous_5)","decl":{"start":{"line":51,"column":2},"end":{"line":51,"column":7}},"loc":{"start":{"line":53,"column":31},"end":{"line":56,"column":3}}},"2":{"name":"(anonymous_6)","decl":{"start":{"line":66,"column":2},"end":{"line":66,"column":7}},"loc":{"start":{"line":68,"column":40},"end":{"line":71,"column":3}}},"3":{"name":"(anonymous_7)","decl":{"start":{"line":81,"column":2},"end":{"line":81,"column":7}},"loc":{"start":{"line":81,"column":44},"end":{"line":83,"column":3}}},"4":{"name":"(anonymous_8)","decl":{"start":{"line":93,"column":2},"end":{"line":93,"column":7}},"loc":{"start":{"line":95,"column":37},"end":{"line":98,"column":3}}},"5":{"name":"(anonymous_9)","decl":{"start":{"line":108,"column":2},"end":{"line":108,"column":7}},"loc":{"start":{"line":108,"column":55},"end":{"line":110,"column":3}}}},"branchMap":{},"s":{"0":1,"1":1,"2":1,"3":1,"4":1,"5":1,"6":1,"7":1,"8":1,"9":1,"10":1,"11":8,"12":2,"13":1,"14":2,"15":1,"16":2,"17":1,"18":1,"19":1,"20":1,"21":1,"22":1,"23":1},"f":{"0":8,"1":2,"2":1,"3":2,"4":1,"5":2},"b":{}}
,"C:\\Users\\marvi\\OneDrive\\Documentos\\Projectos\\open-dsp\\dsp-backend\\src\\modules\\orders\\orders.service.ts": {"path":"C:\\Users\\marvi\\OneDrive\\Documentos\\Projectos\\open-dsp\\dsp-backend\\src\\modules\\orders\\orders.service.ts","statementMap":{"0":{"start":{"line":1,"column":0},"end":{"line":1,"column":null}},"1":{"start":{"line":9,"column":0},"end":{"line":9,"column":51}},"2":{"start":{"line":10,"column":0},"end":{"line":10,"column":37}},"3":{"start":{"line":11,"column":0},"end":{"line":11,"column":33}},"4":{"start":{"line":12,"column":0},"end":{"line":12,"column":69}},"5":{"start":{"line":13,"column":0},"end":{"line":13,"column":68}},"6":{"start":{"line":16,"column":0},"end":{"line":16,"column":57}},"7":{"start":{"line":17,"column":0},"end":{"line":17,"column":63}},"8":{"start":{"line":18,"column":0},"end":{"line":18,"column":63}},"9":{"start":{"line":19,"column":0},"end":{"line":19,"column":59}},"10":{"start":{"line":20,"column":0},"end":{"line":20,"column":95}},"11":{"start":{"line":21,"column":0},"end":{"line":21,"column":60}},"12":{"start":{"line":24,"column":26},"end":{"line":275,"column":null}},"13":{"start":{"line":29,"column":21},"end":{"line":29,"column":32}},"14":{"start":{"line":31,"column":21},"end":{"line":31,"column":30}},"15":{"start":{"line":33,"column":21},"end":{"line":33,"column":33}},"16":{"start":{"line":35,"column":21},"end":{"line":35,"column":35}},"17":{"start":{"line":36,"column":21},"end":{"line":36,"column":36}},"18":{"start":{"line":37,"column":21},"end":{"line":37,"column":38}},"19":{"start":{"line":39,"column":21},"end":{"line":39,"column":38}},"20":{"start":{"line":25,"column":19},"end":{"line":25,"column":59}},"21":{"start":{"line":43,"column":24},"end":{"line":43,"column":41}},"22":{"start":{"line":44,"column":20},"end":{"line":44,"column":33}},"23":{"start":{"line":45,"column":20},"end":{"line":45,"column":33}},"24":{"start":{"line":46,"column":25},"end":{"line":46,"column":43}},"25":{"start":{"line":47,"column":21},"end":{"line":47,"column":35}},"26":{"start":{"line":48,"column":21},"end":{"line":48,"column":35}},"27":{"start":{"line":49,"column":16},"end":{"line":49,"column":19}},"28":{"start":{"line":50,"column":23},"end":{"line":50,"column":26}},"29":{"start":{"line":51,"column":33},"end":{"line":51,"column":37}},"30":{"start":{"line":53,"column":4},"end":{"line":78,"column":5}},"31":{"start":{"line":54,"column":20},"end":{"line":54,"column":77}},"32":{"start":{"line":55,"column":6},"end":{"line":55,"column":25}},"33":{"start":{"line":56,"column":6},"end":{"line":56,"column":42}},"34":{"start":{"line":57,"column":6},"end":{"line":57,"column":34}},"35":{"start":{"line":58,"column":6},"end":{"line":58,"column":34}},"36":{"start":{"line":59,"column":6},"end":{"line":59,"column":44}},"37":{"start":{"line":60,"column":6},"end":{"line":60,"column":36}},"38":{"start":{"line":61,"column":6},"end":{"line":61,"column":36}},"39":{"start":{"line":62,"column":6},"end":{"line":62,"column":39}},"40":{"start":{"line":63,"column":6},"end":{"line":63,"column":48}},"41":{"start":{"line":64,"column":11},"end":{"line":78,"column":5}},"42":{"start":{"line":65,"column":24},"end":{"line":72,"column":8}},"43":{"start":{"line":73,"column":6},"end":{"line":73,"column":29}},"44":{"start":{"line":74,"column":6},"end":{"line":74,"column":43}},"45":{"start":{"line":75,"column":6},"end":{"line":75,"column":52}},"46":{"start":{"line":77,"column":6},"end":{"line":77,"column":136}},"47":{"start":{"line":80,"column":20},"end":{"line":80,"column":66}},"48":{"start":{"line":81,"column":26},"end":{"line":81,"column":60}},"49":{"start":{"line":83,"column":18},"end":{"line":99,"column":6}},"50":{"start":{"line":101,"column":23},"end":{"line":101,"column":55}},"51":{"start":{"line":104,"column":4},"end":{"line":112,"column":6}},"52":{"start":{"line":115,"column":4},"end":{"line":122,"column":7}},"53":{"start":{"line":125,"column":4},"end":{"line":127,"column":7}},"54":{"start":{"line":126,"column":6},"end":{"line":126,"column":92}},"55":{"start":{"line":129,"column":4},"end":{"line":129,"column":22}},"56":{"start":{"line":137,"column":18},"end":{"line":137,"column":74}},"57":{"start":{"line":138,"column":4},"end":{"line":140,"column":5}},"58":{"start":{"line":139,"column":6},"end":{"line":139,"column":77}},"59":{"start":{"line":142,"column":27},"end":{"line":142,"column":39}},"60":{"start":{"line":143,"column":4},"end":{"line":143,"column":30}},"61":{"start":{"line":145,"column":4},"end":{"line":145,"column":67}},"62":{"start":{"line":145,"column":27},"end":{"line":145,"column":67}},"63":{"start":{"line":146,"column":4},"end":{"line":146,"column":64}},"64":{"start":{"line":146,"column":26},"end":{"line":146,"column":64}},"65":{"start":{"line":149,"column":4},"end":{"line":165,"column":5}},"66":{"start":{"line":150,"column":21},"end":{"line":150,"column":85}},"67":{"start":{"line":151,"column":6},"end":{"line":164,"column":7}},"68":{"start":{"line":152,"column":8},"end":{"line":152,"column":89}},"69":{"start":{"line":153,"column":8},"end":{"line":153,"column":43}},"70":{"start":{"line":155,"column":8},"end":{"line":163,"column":10}},"71":{"start":{"line":167,"column":18},"end":{"line":167,"column":50}},"72":{"start":{"line":170,"column":4},"end":{"line":178,"column":6}},"73":{"start":{"line":181,"column":49},"end":{"line":186,"column":6}},"74":{"start":{"line":188,"column":25},"end":{"line":188,"column":49}},"75":{"start":{"line":189,"column":4},"end":{"line":212,"column":5}},"76":{"start":{"line":190,"column":28},"end":{"line":190,"column":37}},"77":{"start":{"line":191,"column":6},"end":{"line":202,"column":7}},"78":{"start":{"line":192,"column":23},"end":{"line":192,"column":87}},"79":{"start":{"line":193,"column":8},"end":{"line":201,"column":9}},"80":{"start":{"line":194,"column":10},"end":{"line":200,"column":12}},"81":{"start":{"line":204,"column":6},"end":{"line":211,"column":9}},"82":{"start":{"line":214,"column":4},"end":{"line":214,"column":17}},"83":{"start":{"line":218,"column":18},"end":{"line":218,"column":95}},"84":{"start":{"line":219,"column":4},"end":{"line":219,"column":69}},"85":{"start":{"line":219,"column":16},"end":{"line":219,"column":69}},"86":{"start":{"line":220,"column":4},"end":{"line":220,"column":77}},"87":{"start":{"line":220,"column":18},"end":{"line":220,"column":77}},"88":{"start":{"line":221,"column":4},"end":{"line":221,"column":27}},"89":{"start":{"line":225,"column":18},"end":{"line":225,"column":65}},"90":{"start":{"line":226,"column":4},"end":{"line":226,"column":67}},"91":{"start":{"line":226,"column":16},"end":{"line":226,"column":67}},"92":{"start":{"line":228,"column":17},"end":{"line":231,"column":6}},"93":{"start":{"line":233,"column":32},"end":{"line":233,"column":36}},"94":{"start":{"line":234,"column":4},"end":{"line":236,"column":5}},"95":{"start":{"line":235,"column":6},"end":{"line":235,"column":80}},"96":{"start":{"line":238,"column":4},"end":{"line":238,"column":38}},"97":{"start":{"line":242,"column":18},"end":{"line":242,"column":76}},"98":{"start":{"line":243,"column":4},"end":{"line":243,"column":88}},"99":{"start":{"line":243,"column":16},"end":{"line":243,"column":88}},"100":{"start":{"line":245,"column":41},"end":{"line":245,"column":45}},"101":{"start":{"line":246,"column":4},"end":{"line":259,"column":5}},"102":{"start":{"line":247,"column":16},"end":{"line":247,"column":80}},"103":{"start":{"line":248,"column":6},"end":{"line
[...]
9":{"start":{"line":110,"column":6},"end":{"line":112,"column":7}},"30":{"start":{"line":111,"column":8},"end":{"line":111,"column":18}},"31":{"start":{"line":114,"column":6},"end":{"line":117,"column":10}},"32":{"start":{"line":114,"column":55},"end":{"line":117,"column":8}},"33":{"start":{"line":119,"column":6},"end":{"line":119,"column":68}},"34":{"start":{"line":120,"column":6},"end":{"line":120,"column":16}},"35":{"start":{"line":6,"column":13},"end":{"line":6,"column":28}},"36":{"start":{"line":6,"column":13},"end":{"line":123,"column":null}}},"fnMap":{"0":{"name":"(anonymous_2)","decl":{"start":{"line":10,"column":2},"end":{"line":10,"column":31}},"loc":{"start":{"line":10,"column":59},"end":{"line":43,"column":3}}},"1":{"name":"(anonymous_3)","decl":{"start":{"line":36,"column":33},"end":{"line":36,"column":34}},"loc":{"start":{"line":36,"column":41},"end":{"line":38,"column":5}}},"2":{"name":"(anonymous_4)","decl":{"start":{"line":40,"column":37},"end":{"line":40,"column":38}},"loc":{"start":{"line":40,"column":45},"end":{"line":42,"column":5}}},"3":{"name":"(anonymous_5)","decl":{"start":{"line":45,"column":2},"end":{"line":45,"column":10}},"loc":{"start":{"line":45,"column":10},"end":{"line":47,"column":3}}},"4":{"name":"(anonymous_6)","decl":{"start":{"line":52,"column":2},"end":{"line":52,"column":7}},"loc":{"start":{"line":57,"column":13},"end":{"line":76,"column":3}}},"5":{"name":"(anonymous_7)","decl":{"start":{"line":81,"column":2},"end":{"line":81,"column":7}},"loc":{"start":{"line":81,"column":45},"end":{"line":88,"column":3}}},"6":{"name":"(anonymous_8)","decl":{"start":{"line":93,"column":2},"end":{"line":93,"column":7}},"loc":{"start":{"line":96,"column":18},"end":{"line":122,"column":3}}},"7":{"name":"(anonymous_9)","decl":{"start":{"line":114,"column":28},"end":{"line":114,"column":29}},"loc":{"start":{"line":114,"column":55},"end":{"line":117,"column":8}}}},"branchMap":{"0":{"loc":{"start":{"line":11,"column":21},"end":{"line":11,"column":89}},"type":"binary-expr","locations":[{"start":{"line":11,"column":21},"end":{"line":11,"column":64}},{"start":{"line":11,"column":68},"end":{"line":11,"column":89}}]},"1":{"loc":{"start":{"line":13,"column":4},"end":{"line":33,"column":5}},"type":"if","locations":[{"start":{"line":13,"column":4},"end":{"line":33,"column":5}},{"start":{"line":20,"column":11},"end":{"line":33,"column":5}}]},"2":{"loc":{"start":{"line":18,"column":13},"end":{"line":18,"column":89}},"type":"cond-expr","locations":[{"start":{"line":18,"column":48},"end":{"line":18,"column":77}},{"start":{"line":18,"column":80},"end":{"line":18,"column":89}}]},"3":{"loc":{"start":{"line":21,"column":19},"end":{"line":21,"column":104}},"type":"binary-expr","locations":[{"start":{"line":21,"column":19},"end":{"line":21,"column":63}},{"start":{"line":21,"column":67},"end":{"line":21,"column":89}},{"start":{"line":21,"column":93},"end":{"line":21,"column":104}}]},"4":{"loc":{"start":{"line":22,"column":28},"end":{"line":22,"column":108}},"type":"binary-expr","locations":[{"start":{"line":22,"column":28},"end":{"line":22,"column":72}},{"start":{"line":22,"column":76},"end":{"line":22,"column":98}},{"start":{"line":22,"column":102},"end":{"line":22,"column":108}}]},"5":{"loc":{"start":{"line":23,"column":23},"end":{"line":23,"column":107}},"type":"binary-expr","locations":[{"start":{"line":23,"column":23},"end":{"line":23,"column":71}},{"start":{"line":23,"column":75},"end":{"line":23,"column":101}},{"start":{"line":23,"column":105},"end":{"line":23,"column":107}}]},"6":{"loc":{"start":{"line":28,"column":18},"end":{"line":28,"column":39}},"type":"binary-expr","locations":[{"start":{"line":28,"column":18},"end":{"line":28,"column":26}},{"start":{"line":28,"column":30},"end":{"line":28,"column":39}}]},"7":{"loc":{"start":{"line":56,"column":4},"end":{"line":56,"column":15}},"type":"default-arg","locations":[{"start":{"line":56,"column":14},"end":{"line":56,"column":15}}]},"8":{"loc":{"start":{"line":57,"column":4},"end":{"line":57,"column":13}},"type":"default-arg","locations":[{"start":{"line":57,"column":12},"end":{"line":57,"column":13}}]},"9":{"loc":{"start":{"line":96,"column":4},"end":{"line":96,"column":18}},"type":"default-arg","locations":[{"start":{"line":96,"column":15},"end":{"line":96,"column":18}}]},"10":{"loc":{"start":{"line":110,"column":6},"end":{"line":112,"column":7}},"type":"if","locations":[{"start":{"line":110,"column":6},"end":{"line":112,"column":7}}]}},"s":{"0":3,"1":3,"2":3,"3":3,"4":0,"5":0,"6":0,"7":0,"8":0,"9":0,"10":0,"11":0,"12":0,"13":0,"14":0,"15":0,"16":0,"17":0,"18":0,"19":0,"20":0,"21":0,"22":0,"23":0,"24":0,"25":0,"26":0,"27":0,"28":0,"29":0,"30":0,"31":0,"32":0,"33":0,"34":0,"35":3,"36":3},"f":{"0":0,"1":0,"2":0,"3":0,"4":0,"5":0,"6":0,"7":0},"b":{"0":[0,0],"1":[0,0],"2":[0,0],"3":[0,0,0],"4":[0,0,0],"5":[0,0,0],"6":[0,0],"7":[0],"8":[0],"9":[0],"10":[0]}}
,"C:\\Users\\marvi\\OneDrive\\Documentos\\Projectos\\open-dsp\\dsp-backend\\src\\modules\\tracking\\dto\\location-ping.dto.ts": {"path":"C:\\Users\\marvi\\OneDrive\\Documentos\\Projectos\\open-dsp\\dsp-backend\\src\\modules\\tracking\\dto\\location-ping.dto.ts","statementMap":{"0":{"start":{"line":1,"column":0},"end":{"line":1,"column":87}},"1":{"start":{"line":2,"column":0},"end":{"line":2,"column":46}},"2":{"start":{"line":4,"column":0},"end":{"line":4,"column":13}},"3":{"start":{"line":11,"column":2},"end":{"line":11,"column":null}},"4":{"start":{"line":20,"column":2},"end":{"line":20,"column":null}},"5":{"start":{"line":29,"column":2},"end":{"line":29,"column":null}},"6":{"start":{"line":38,"column":2},"end":{"line":38,"column":null}},"7":{"start":{"line":47,"column":2},"end":{"line":47,"column":null}},"8":{"start":{"line":56,"column":2},"end":{"line":56,"column":null}}},"fnMap":{},"branchMap":{},"s":{"0":0,"1":0,"2":0,"3":0,"4":0,"5":0,"6":0,"7":0,"8":0},"f":{},"b":{}}
,"C:\\Users\\marvi\\OneDrive\\Documentos\\Projectos\\open-dsp\\dsp-backend\\src\\modules\\webhooks\\webhooks.controller.ts": {"path":"C:\\Users\\marvi\\OneDrive\\Documentos\\Projectos\\open-dsp\\dsp-backend\\src\\modules\\webhooks\\webhooks.controller.ts","statementMap":{"0":{"start":{"line":1,"column":0},"end":{"line":1,"column":97}},"1":{"start":{"line":2,"column":0},"end":{"line":2,"column":111}},"2":{"start":{"line":3,"column":0},"end":{"line":3,"column":66}},"3":{"start":{"line":4,"column":0},"end":{"line":4,"column":53}},"4":{"start":{"line":5,"column":0},"end":{"line":5,"column":75}},"5":{"start":{"line":6,"column":0},"end":{"line":6,"column":60}},"6":{"start":{"line":8,"column":0},"end":{"line":8,"column":13}},"7":{"start":{"line":11,"column":2},"end":{"line":11,"column":null}},"8":{"start":{"line":16,"column":2},"end":{"line":16,"column":null}},"9":{"start":{"line":21,"column":2},"end":{"line":21,"column":null}},"10":{"start":{"line":26,"column":7},"end":{"line":74,"column":null}},"11":{"start":{"line":27,"column":31},"end":{"line":27,"column":48}},"12":{"start":{"line":41,"column":4},"end":{"line":41,"column":64}},"13":{"start":{"line":54,"column":4},"end":{"line":54,"column":49}},"14":{"start":{"line":66,"column":20},"end":{"line":66,"column":96}},"15":{"start":{"line":67,"column":21},"end":{"line":67,"column":77}},"16":{"start":{"line":68,"column":4},"end":{"line":72,"column":6}},"17":{"start":{"line":26,"column":13},"end":{"line":26,"column":31}},"18":{"start":{"line":37,"column":8},"end":{"line":42,"column":null}},"19":{"start":{"line":53,"column":8},"end":{"line":55,"column":null}},"20":{"start":{"line":65,"column":8},"end":{"line":73,"column":null}},"21":{"start":{"line":26,"column":13},"end":{"line":74,"column":null}}},"fnMap":{"0":{"name":"(anonymous_4)","decl":{"start":{"line":27,"column":2},"end":{"line":27,"column":31}},"loc":{"start":{"line":27,"column":63},"end":{"line":27,"column":67}}},"1":{"name":"(anonymous_5)","decl":{"start":{"line":37,"column":2},"end":{"line":37,"column":7}},"loc":{"start":{"line":39,"column":51},"end":{"line":42,"column":3}}},"2":{"name":"(anonymous_6)","decl":{"start":{"line":53,"column":2},"end":{"line":53,"column":7}},"loc":{"start":{"line":53,"column":44},"end":{"line":55,"column":3}}},"3":{"name":"(anonymous_7)","decl":{"start":{"line":65,"column":2},"end":{"line":65,"column":7}},"loc":{"start":{"line":65,"column":54},"end":{"line":73,"column":3}}}},"branchMap":{},"s":{"0":1,"1":1,"2":1,"3":1,"4":1,"5":1,"6":1,"7":1,"8":1,"9":1,"10":1,"11":5,"12":1,"13":2,"14":2,"15":2,"16":2,"17":1,"18":1,"19":1,"20":1,"21":1},"f":{"0":5,"1":1,"2":2,"3":2},"b":{}}
,"C:\\Users\\marvi\\OneDrive\\Documentos\\Projectos\\open-dsp\\dsp-backend\\src\\modules\\webhooks\\webhooks.processor.ts": {"path":"C:\\Users\\marvi\\OneDrive\\Documentos\\Projectos\\open-dsp\\dsp-backend\\src\\modules\\webhooks\\webhooks.processor.ts","statementMap":{"0":{"start":{"line":1,"column":0},"end":{"line":1,"column":55}},"1":{"start":{"line":2,"column":0},"end":{"line":2,"column":40}},"2":{"start":{"line":4,"column":0},"end":{"line":4,"column":51}},"3":{"start":{"line":5,"column":0},"end":{"line":5,"column":37}},"4":{"start":{"line":6,"column":0},"end":{"line":6,"column":92}},"5":{"start":{"line":9,"column":30},"end":{"line":62,"column":null}},"6":{"start":{"line":16,"column":4},"end":{"line":16,"column":12}},"7":{"start":{"line":14,"column":21},"end":{"line":14,"column":35}},"8":{"start":{"line":10,"column":19},"end":{"line":10,"column":63}},"9":{"start":{"line":20,"column":59},"end":{"line":20,"column":67}},"10":{"start":{"line":21,"column":4},"end":{"line":21,"column":106}},"11":{"start":{"line":23,"column":4},"end":{"line":60,"column":5}},"12":{"start":{"line":24,"column":23},"end":{"line":33,"column":8}},"13":{"start":{"line":35,"column":27},"end":{"line":35,"column":48}},"14":{"start":{"line":36,"column":24},"end":{"line":36,"column":35}},"15":{"start":{"line":38,"column":6},"end":{"line":44,"column":9}},"16":{"start":{"line":46,"column":6},"end":{"line":48,"column":7}},"17":{"start":{"line":47,"column":8},"end":{"line":47,"column":83}},"18":{"start":{"line":50,"column":6},"end":{"line":50,"column":92}},"19":{"start":{"line":51,"column":6},"end":{"line":51,"column":56}},"20":{"start":{"line":53,"column":6},"end":{"line":53,"column":83}},"21":{"start":{"line":54,"column":6},"end":{"line":58,"column":9}},"22":{"start":{"line":59,"column":6},"end":{"line":59,"column":18}},"23":{"start":{"line":9,"column":13},"end":{"line":9,"column":30}},"24":{"start":{"line":9,"column":13},"end":{"line":62,"column":null}}},"fnMap":{"0":{"name":"(anonymous_4)","decl":{"start":{"line":12,"column":2},"end":{"line":12,"column":null}},"loc":{"start":{"line":14,"column":62},"end":{"line":17,"column":3}}},"1":{"name":"(anonymous_5)","decl":{"start":{"line":19,"column":2},"end":{"line":19,"column":7}},"loc":{"start":{"line":19,"column":42},"end":{"line":61,"column":3}}}},"branchMap":{"0":{"loc":{"start":{"line":41,"column":22},"end":{"line":41,"column":75}},"type":"cond-expr","locations":[{"start":{"line":41,"column":37},"end":{"line":41,"column":68}},{"start":{"line":41,"column":71},"end":{"line":41,"column":75}}]},"1":{"loc":{"start":{"line":42,"column":16},"end":{"line":42,"column":88}},"type":"cond-expr","locations":[{"start":{"line":42,"column":28},"end":{"line":42,"column":57}},{"start":{"line":42,"column":60},"end":{"line":42,"column":88}}]},"2":{"loc":{"start":{"line":43,"column":22},"end":{"line":43,"column":90}},"type":"cond-expr","locations":[{"start":{"line":43,"column":34},"end":{"line":43,"column":38}},{"start":{"line":43,"column":41},"end":{"line":43,"column":90}}]},"3":{"loc":{"start":{"line":46,"column":6},"end":{"line":48,"column":7}},"type":"if","locations":[{"start":{"line":46,"column":6},"end":{"line":48,"column":7}}]}},"s":{"0":0,"1":0,"2":0,"3":0,"4":0,"5":0,"6":0,"7":0,"8":0,"9":0,"10":0,"11":0,"12":0,"13":0,"14":0,"15":0,"16":0,"17":0,"18":0,"19":0,"20":0,"21":0,"22":0,"23":0,"24":0},"f":{"0":0,"1":0},"b":{"0":[0,0],"1":[0,0],"2":[0,0],"3":[0]}}
,"C:\\Users\\marvi\\OneDrive\\Documentos\\Projectos\\open-dsp\\dsp-backend\\src\\modules\\webhooks\\webhooks.service.ts": {"path":"C:\\Users\\marvi\\OneDrive\\Documentos\\Projectos\\open-dsp\\dsp-backend\\src\\modules\\webhooks\\webhooks.service.ts","statementMap":{"0":{"start":{"line":1,"column":0},"end":{"line":1,"column":71}},"1":{"start":{"line":2,"column":0},"end":{"line":2,"column":45}},"2":{"start":{"line":3,"column":0},"end":{"line":3,"column":31}},"3":{"start":{"line":4,"column":0},"end":{"line":4,"column":51}},"4":{"start":{"line":5,"column":0},"end":{"line":5,"column":37}},"5":{"start":{"line":6,"column":0},"end":{"line":6,"column":92}},"6":{"start":{"line":7,"column":0},"end":{"line":7,"column":59}},"7":{"start":{"line":8,"column":0},"end":{"line":8,"column":60}},"8":{"start":{"line":29,"column":28},"end":{"line":143,"column":null}},"9":{"start":{"line":34,"column":21},"end":{"line":34,"column":36}},"10":{"start":{"line":36,"column":21},"end":{"line":36,"column":35}},"11":{"start":{"line":38,"column":21},"end":{"line":38,"column":33}},"12":{"start":{"line":30,"column":19},"end":{"line":30,"column":61}},"13":{"start":{"line":47,"column":19},"end":{"line":47,"column":77}},"14":{"start":{"line":48,"column":4},"end":{"line":51,"column":5}},"15":{"start":{"line":49,"column":6},"end":{"line":49,"column":108}},"16":{"start":{"line":50,"column":6},"end":{"line":50,"column":18}},"17":{"start":{"line":53,"column":20},"end":{"line":57,"column":6}},"18":{"start":{"line":59,"column":22},"end":{"line":59,"column":82}},"19":{"start":{"line":61,"column":21},"end":{"line":69,"column":6}},"20":{"start":{"line":71,"column":26},"end":{"line":71,"column":64}},"21":{"start":{"line":74,"column":4},"end":{"line":90,"column":6}},"22":{"start":{"line":92,"column":4},"end":{"line":92,"column":99}},"23":{"start":{"line":93,"column":4},"end":{"line":93,"column":25}},"24":{"start":{"line":97,"column":18},"end":{"line":97,"column":114}},"25":{"start":{"line":98,"column":4},"end":{"line":100,"column":5}},"26":{"start":{"line":99,"column":6},"end":{"line":99,"column":68}},"27":{"start":{"line":101,"column":4},"end":{"line":103,"column":5}},"28":{"start":{"line":102,"column":6},"end":{"line":102,"column":62}},"29":{"start":{"line":104,"column":4},"end":{"line":104,"column":27}},"30":{"start":{"line":108,"column":21},"end":{"line":108,"column":83}},"31":{"start":{"line":109,"column":4},"end":{"line":111,"column":5}},"32":{"start":{"line":110,"column":6},"end":{"line":110,"column":83}},"33":{"start":{"line":113,"column":19},"end":{"line":113,"column":86}},"34":{"start":{"line":114,"column":4},"end":{"line":116,"column":5}},"35":{"start":{"line":115,"column":6},"end":{"line":115,"column":90}},"36":{"start":{"line":118,"column":4},"end":{"line":118,"column":52}},"37":{"start":{"line":119,"column":4},"end":{"line":119,"column":26}},"38":{"start":{"line":120,"column":4},"end":{"line":120,"column":33}},"39":{"start":{"line":121,"column":4},"end":{"line":121,"column":43}},"40":{"start":{"line":123,"column":4},"end":{"line":135,"column":6}},"41":{"start":{"line":137,"column":4},"end":{"line":141,"column":6}},"42":{"start":{"line":29,"column":13},"end":{"line":29,"column":28}},"43":{"start":{"line":29,"column":13},"end":{"line":143,"column":null}}},"fnMap":{"0":{"name":"(anonymous_4)","decl":{"start":{"line":32,"column":2},"end":{"line":32,"column":null}},"loc":{"start":{"line":38,"column":51},"end":{"line":39,"column":6}}},"1":{"name":"(anonymous_5)","decl":{"start":{"line":41,"column":2},"end":{"line":41,"column":7}},"loc":{"start":{"line":45,"column":28},"end":{"line":94,"column":3}}},"2":{"name":"(anonymous_6)","decl":{"start":{"line":96,"column":2},"end":{"line":96,"column":7}},"loc":{"start":{"line":96,"column":71},"end":{"line":105,"column":3}}},"3":{"name":"(anonymous_7)","decl":{"start":{"line":107,"column":2},"end":{"line":107,"column":7}},"loc":{"start":{"line":107,"column":39},"end":{"line":142,"column":3}}}},"branchMap":{"0":{"loc":{"start":{"line":48,"column":4},"end":{"line":51,"column":5}},"type":"if","locations":[{"start":{"line":48,"column":4},"end":{"line":51,"column":5}}]},"1":{"loc":{"start":{"line":48,"column":8},"end":{"line":48,"column":37}},"type":"binary-expr","locations":[{"start":{"line":48,"column":8},"end":{"line":48,"column":15}},{"start":{"line":48,"column":19},"end":{"line":48,"column":37}}]},"2":{"loc":{"start":{"line":98,"column":4},"end":{"line":100,"column":5}},"type":"if","locations":[{"start":{"line":98,"column":4},"end":{"line":100,"column":5}}]},"3":{"loc":{"start":{"line":101,"column":4},"end":{"line":103,"column":5}},"type":"if","locations":[{"start":{"line":101,"column":4},"end":{"line":103,"column":5}}]},"4":{"loc":{"start":{"line":109,"column":4},"end":{"line":111,"column":5}},"type":"if","locations":[{"start":{"line":109,"column":4},"end":{"line":111,"column":5}}]},"5":{"loc":{"start":{"line":114,"column":4},"end":{"line":116,"column":5}},"type":"if","locations":[{"start":{"line":114,"column":4},"end":{"line":116,"column":5}}]},"6":{"loc":{"start":{"line":114,"column":8},"end":{"line":114,"column":37}},"type":"binary-expr","locations":[{"start":{"line":114,"column":8},"end":{"line":114,"column":15}},{"start":{"line":114,"column":19},"end":{"line":114,"column":37}}]}},"s":{"0":3,"1":3,"2":3,"3":3,"4":3,"5":3,"6":3,"7":3,"8":3,"9":0,"10":0,"11":0,"12":0,"13":0,"14":0,"15":0,"16":0,"17":0,"18":0,"19":0,"20":0,"21":0,"22":0,"23":0,"24":0,"25":0,"26":0,"27":0,"28":0,"29":0,"30":0,"31":0,"32":0,"33":0,"34":0,"35":0,"36":0,"37":0,"38":0,"39":0,"40":0,"41":0,"42":3,"43":3},"f":{"0":0,"1":0,"2":0,"3":0},"b":{"0":[0],"1":[0,0],"2":[0],"3":[0],"4":[0],"5":[0],"6":[0,0]}}
,"C:\\Users\\marvi\\OneDrive\\Documentos\\Projectos\\open-dsp\\dsp-backend\\src\\modules\\webhooks\\entities\\webhook-delivery.entity.ts": {"path":"C:\\Users\\marvi\\OneDrive\\Documentos\\Projectos\\open-dsp\\dsp-backend\\src\\modules\\webhooks\\entities\\webhook-delivery.entity.ts","statementMap":{"0":{"start":{"line":1,"column":0},"end":{"line":1,"column":null}},"1":{"start":{"line":8,"column":0},"end":{"line":8,"column":null}},"2":{"start":{"line":9,"column":2},"end":{"line":9,"column":null}},"3":{"start":{"line":10,"column":2},"end":{"line":10,"column":null}},"4":{"start":{"line":11,"column":2},"end":{"line":11,"column":null}},"5":{"start":{"line":15,"column":7},"end":{"line":58,"column":null}},"6":{"start":{"line":15,"column":13},"end":{"line":15,"column":28}},"7":{"start":{"line":17,"column":2},"end":{"line":17,"column":null}},"8":{"start":{"line":20,"column":2},"end":{"line":20,"column":null}},"9":{"start":{"line":23,"column":2},"end":{"line":23,"column":null}},"10":{"start":{"line":26,"column":2},"end":{"line":26,"column":null}},"11":{"start":{"line":29,"column":2},"end":{"line":29,"column":null}},"12":{"start":{"line":32,"column":2},"end":{"line":32,"column":null}},"13":{"start":{"line":39,"column":2},"end":{"line":39,"column":null}},"14":{"start":{"line":42,"column":2},"end":{"line":42,"column":null}},"15":{"start":{"line":45,"column":2},"end":{"line":45,"column":null}},"16":{"start":{"line":48,"column":2},"end":{"line":48,"column":null}},"17":{"start":{"line":51,"column":2},"end":{"line":51,"column":null}},"18":{"start":{"line":54,"column":2},"end":{"line":54,"column":null}},"19":{"start":{"line":57,"column":2},"end":{"line":57,"column":null}},"20":{"start":{"line":15,"column":13},"end":{"line":58,"column":null}}},"fnMap":{"0":{"name":"(anonymous_2)","decl":{"start":{"line":8,"column":0},"end":{"line":8,"column":12}},"loc":{"start":{"line":8,"column":33},"end":{"line":12,"column":1}}}},"branchMap":{"0":{"loc":{"start":{"line":8,"column":12},"end":{"line":8,"column":null}},"type":"binary-expr","locations":[{"start":{"line":8,"column":12},"end":{"line":8,"column":33}},{"start":{"line":8,"column":33},"end":{"line":8,"column":null}}]}},"s":{"0":3,"1":3,"2":3,"3":3,"4":3,"5":3,"6":3,"7":3,"8":3,"9":3,"10":3,"11":3,"12":3,"13":3,"14":3,"15":3,"16":3,"17":3,"18":3,"19":3,"20":3},"f":{"0":3},"b":{"0":[3,3]}}
}
