TN:
SF:src\app.controller.ts
FN:10,(anonymous_2)
FN:23,(anonymous_3)
FNF:2
FNH:2
FNDA:1,(anonymous_2)
FNDA:1,(anonymous_3)
DA:1,1
DA:2,1
DA:6,1
DA:10,1
DA:11,1
DA:23,1
DA:24,1
LF:7
LH:7
BRF:0
BRH:0
end_of_record
TN:
SF:src\common\decorators\current-tenant.decorator.ts
FN:4,(anonymous_0)
FNF:1
FNH:0
FNDA:0,(anonymous_0)
DA:1,2
DA:3,2
DA:5,0
DA:6,0
DA:7,0
LF:5
LH:2
BRDA:7,0,0,0
BRDA:7,0,1,0
BRF:2
BRH:0
end_of_record
TN:
SF:src\common\decorators\current-user.decorator.ts
FN:4,(anonymous_0)
FNF:1
FNH:0
FNDA:0,(anonymous_0)
DA:1,1
DA:3,1
DA:5,0
DA:6,0
DA:7,0
LF:5
LH:2
BRDA:7,0,0,0
BRDA:7,0,1,0
BRF:2
BRH:0
end_of_record
TN:
SF:src\common\decorators\roles.decorator.ts
FN:3,(anonymous_0)
FN:10,(anonymous_1)
FNF:2
FNH:1
FNDA:1,(anonymous_0)
FNDA:0,(anonymous_1)
DA:1,1
DA:3,1
DA:4,1
DA:5,1
DA:6,1
DA:9,1
DA:10,1
LF:7
LH:7
BRDA:3,0,0,1
BRDA:3,0,1,1
BRF:2
BRH:2
end_of_record
TN:
SF:src\common\filters\http-exception.filter.ts
FN:12,(anonymous_1)
FN:15,(anonymous_2)
FNF:2
FNH:2
FNDA:3,(anonymous_1)
FNDA:3,(anonymous_2)
DA:1,1
DA:12,1
DA:13,3
DA:16,3
DA:17,3
DA:18,3
DA:21,3
DA:25,3
DA:26,3
DA:28,3
DA:29,2
DA:30,2
DA:31,0
DA:32,2
DA:33,2
DA:34,2
DA:35,2
DA:37,1
DA:38,1
DA:41,3
DA:46,3
LF:21
LH:20
BRDA:21,0,0,2
BRDA:21,0,1,1
BRDA:28,1,0,2
BRDA:28,1,1,1
BRDA:30,2,0,0
BRDA:30,2,1,2
BRDA:32,3,0,2
BRDA:32,4,0,2
BRDA:32,4,1,2
BRDA:34,5,0,2
BRDA:34,5,1,0
BRDA:34,5,2,0
BRDA:35,6,0,1
BRDA:35,6,1,1
BRDA:37,7,0,1
BRDA:38,8,0,1
BRDA:38,8,1,0
BRDA:43,9,0,3
BRDA:43,9,1,0
BRDA:49,10,0,1
BRDA:49,10,1,2
BRDA:50,11,0,1
BRDA:50,11,1,2
BRDA:50,12,0,3
BRDA:50,12,1,2
BRF:25
BRH:20
end_of_record
TN:
SF:src\common\guards\api-key.guard.ts
FN:7,(anonymous_2)
FN:9,(anonymous_3)
FNF:2
FNH:2
FNDA:15,(anonymous_2)
FNDA:3,(anonymous_3)
DA:1,3
DA:2,3
DA:3,3
DA:6,3
DA:7,15
DA:10,3
DA:11,3
DA:13,3
DA:14,1
DA:17,2
DA:18,2
DA:19,2
DA:23,2
DA:24,1
DA:27,1
DA:28,1
LF:16
LH:16
BRDA:13,0,0,1
BRDA:13,1,0,3
BRDA:13,1,1,2
BRDA:23,2,0,1
BRF:4
BRH:4
end_of_record
TN:
SF:src\common\guards\jwt-auth.guard.ts
FNF:0
FNH:0
DA:1,1
DA:2,1
DA:5,1
LF:3
LH:3
BRF:0
BRH:0
end_of_record
TN:
SF:src\common\guards\roles.guard.ts
FN:7,(anonymous_2)
FN:9,(anonymous_3)
FNF:2
FNH:0
FNDA:0,(anonymous_2)
FNDA:0,(anonymous_3)
DA:1,0
DA:2,0
DA:3,0
DA:6,0
DA:7,0
DA:10,0
DA:14,0
DA:15,0
DA:17,0
DA:18,0
DA:19,0
DA:21,0
DA:22,0
DA:23,0
DA:25,0
LF:15
LH:0
BRDA:14,0,0,0
BRDA:14,1,0,0
BRDA:14,1,1,0
BRDA:18,2,0,0
BRDA:18,3,0,0
BRDA:18,3,1,0
BRDA:22,4,0,0
BRF:7
BRH:0
end_of_record
TN:
SF:src\common\interceptors\idempotency.interceptor.ts
FN:16,(anonymous_1)
FN:33,(anonymous_2)
FNF:2
FNH:2
FNDA:3,(anonymous_1)
FNDA:1,(anonymous_2)
DA:1,2
DA:8,2
DA:9,2
DA:12,2
DA:15,2
DA:17,3
DA:18,3
DA:20,3
DA:21,1
DA:24,2
DA:25,2
DA:27,1
DA:28,1
DA:32,1
DA:34,1
LF:15
LH:15
BRDA:20,0,0,1
BRDA:20,1,0,3
BRDA:20,1,1,2
BRDA:25,2,0,1
BRDA:27,3,0,1
BRF:5
BRH:5
end_of_record
TN:
SF:src\common\utils\crypto.util.ts
FN:7,(anonymous_0)
FN:18,(anonymous_1)
FN:25,(anonymous_2)
FN:32,(anonymous_3)
FN:40,(anonymous_4)
FN:52,(anonymous_5)
FNF:6
FNH:6
FNDA:1,(anonymous_0)
FNDA:5,(anonymous_1)
FNDA:1,(anonymous_2)
FNDA:8,(anonymous_3)
FNDA:4,(anonymous_4)
FNDA:1,(anonymous_5)
DA:1,7
DA:3,7
DA:8,1
DA:9,1
DA:10,1
DA:11,1
DA:12,1
DA:19,5
DA:26,1
DA:33,8
DA:34,8
DA:41,4
DA:42,4
DA:43,4
DA:45,2
DA:53,1
LF:16
LH:16
BRDA:7,0,0,0
BRDA:33,1,0,0
BRDA:33,1,1,8
BRF:3
BRH:1
end_of_record
TN:
SF:src\common\utils\geo.util.ts
FN:12,(anonymous_0)
FN:30,(anonymous_1)
FN:40,(anonymous_2)
FN:62,(anonymous_3)
FNF:4
FNH:4
FNDA:1,(anonymous_0)
FNDA:1,(anonymous_1)
FNDA:2,(anonymous_2)
FNDA:4,(anonymous_3)
DA:8,3
DA:13,1
DA:14,1
DA:15,1
DA:17,1
DA:22,1
DA:23,1
DA:24,1
DA:31,1
DA:32,1
DA:33,1
DA:34,1
DA:45,2
DA:46,2
DA:47,2
DA:48,2
DA:50,2
DA:52,2
DA:54,2
DA:63,4
LF:20
LH:20
BRDA:30,0,0,0
BRDA:30,1,0,0
BRDA:45,2,0,1
BRDA:45,2,1,1
BRDA:45,3,0,2
BRDA:45,3,1,2
BRF:6
BRH:4
end_of_record
TN:
SF:src\modules\auth\auth.controller.ts
FN:12,(anonymous_4)
FN:22,(anonymous_5)
FN:33,(anonymous_6)
FN:46,(anonymous_7)
FNF:4
FNH:4
FNDA:5,(anonymous_4)
FNDA:2,(anonymous_5)
FNDA:2,(anonymous_6)
FNDA:1,(anonymous_7)
DA:1,1
DA:2,1
DA:3,1
DA:4,1
DA:5,1
DA:6,1
DA:7,1
DA:11,1
DA:12,5
DA:22,1
DA:23,2
DA:33,1
DA:34,2
DA:46,1
DA:47,1
LF:15
LH:15
BRF:0
BRH:0
end_of_record
TN:
SF:src\modules\auth\auth.service.ts
FN:13,(anonymous_4)
FN:19,(anonymous_5)
FN:53,(anonymous_6)
FN:123,(anonymous_7)
FNF:4
FNH:0
FNDA:0,(anonymous_4)
FNDA:0,(anonymous_5)
FNDA:0,(anonymous_6)
FNDA:0,(anonymous_7)
DA:1,1
DA:2,1
DA:3,1
DA:4,1
DA:5,1
DA:6,1
DA:9,1
DA:12,1
DA:15,0
DA:16,0
DA:20,0
DA:23,0
DA:24,0
DA:27,0
DA:28,0
DA:41,0
DA:42,0
DA:49,0
DA:50,0
DA:54,0
DA:55,0
DA:59,0
DA:62,0
DA:63,0
DA:69,0
DA:81,0
DA:83,0
DA:94,0
DA:95,0
DA:100,0
DA:101,0
DA:105,0
DA:106,0
DA:107,0
DA:108,0
DA:112,0
DA:119,0
DA:120,0
DA:124,0
LF:39
LH:8
BRDA:23,0,0,0
BRDA:34,1,0,0
BRDA:34,1,1,0
BRDA:54,2,0,0
BRDA:54,2,1,0
BRDA:55,3,0,0
BRDA:55,3,1,0
BRDA:59,4,0,0
BRDA:59,4,1,0
BRDA:59,4,2,0
BRDA:59,4,3,0
BRDA:59,4,4,0
BRDA:62,5,0,0
BRDA:94,6,0,0
BRDA:94,7,0,0
BRDA:94,7,1,0
BRDA:94,7,2,0
BRDA:94,7,3,0
BRDA:100,8,0,0
BRDA:105,9,0,0
BRDA:105,10,0,0
BRDA:105,10,1,0
BRDA:105,10,2,0
BRDA:105,10,3,0
BRDA:105,10,4,0
BRDA:107,11,0,0
BRF:26
BRH:0
end_of_record
TN:
SF:src\modules\auth\dto\login.dto.ts
FNF:0
FNH:0
DA:1,1
DA:2,1
DA:4,1
DA:11,1
DA:19,1
LF:5
LH:5
BRF:0
BRH:0
end_of_record
TN:
SF:src\modules\auth\dto\register.dto.ts
FNF:0
FNH:0
DA:1,1
DA:2,1
DA:3,1
DA:5,1
DA:12,1
DA:20,1
DA:28,1
DA:36,1
DA:45,1
DA:54,1
LF:10
LH:10
BRF:0
BRH:0
end_of_record
TN:
SF:src\modules\auth\strategies\jwt.strategy.ts
FN:8,(anonymous_2)
FN:16,(anonymous_3)
FNF:2
FNH:0
FNDA:0,(anonymous_2)
FNDA:0,(anonymous_3)
DA:1,0
DA:2,0
DA:3,0
DA:4,0
DA:7,0
DA:9,0
DA:17,0
DA:18,0
DA:20,0
LF:9
LH:0
BRDA:17,0,0,0
BRDA:17,1,0,0
BRDA:17,1,1,0
BRF:3
BRH:0
end_of_record
TN:
SF:src\modules\dispatch\dispatch.controller.ts
FN:9,(anonymous_4)
FN:20,(anonymous_5)
FN:32,(anonymous_6)
FN:44,(anonymous_7)
FNF:4
FNH:4
FNDA:7,(anonymous_4)
FNDA:2,(anonymous_5)
FNDA:3,(anonymous_6)
FNDA:2,(anonymous_7)
DA:1,1
DA:2,1
DA:3,1
DA:4,1
DA:8,1
DA:9,7
DA:20,1
DA:21,2
DA:32,1
DA:33,3
DA:44,1
DA:45,2
LF:12
LH:12
BRF:0
BRH:0
end_of_record
TN:
SF:src\modules\dispatch\dispatch.service.ts
FN:20,(anonymous_4)
FN:31,(anonymous_5)
FN:70,(anonymous_6)
FN:152,(anonymous_7)
FNF:4
FNH:0
FNDA:0,(anonymous_4)
FNDA:0,(anonymous_5)
FNDA:0,(anonymous_6)
FNDA:0,(anonymous_7)
DA:1,2
DA:8,2
DA:9,2
DA:10,2
DA:11,2
DA:12,2
DA:13,2
DA:14,2
DA:17,2
DA:18,0
DA:22,0
DA:24,0
DA:26,0
DA:27,0
DA:28,0
DA:32,0
DA:33,0
DA:34,0
DA:37,0
DA:38,0
DA:41,0
DA:42,0
DA:45,0
DA:51,0
DA:53,0
DA:54,0
DA:58,0
DA:59,0
DA:60,0
DA:61,0
DA:63,0
DA:64,0
DA:67,0
DA:71,0
DA:72,0
DA:73,0
DA:76,0
DA:77,0
DA:78,0
DA:82,0
DA:88,0
DA:97,0
DA:102,0
DA:106,0
DA:107,0
DA:108,0
DA:109,0
DA:112,0
DA:113,0
DA:116,0
DA:127,0
DA:143,0
DA:153,0
DA:154,0
DA:156,0
DA:157,0
DA:159,0
DA:160,0
DA:161,0
DA:162,0
DA:164,0
DA:174,0
DA:187,0
LF:63
LH:9
BRDA:33,0,0,0
BRDA:37,1,0,0
BRDA:37,2,0,0
BRDA:37,2,1,0
BRDA:53,3,0,0
BRDA:63,4,0,0
BRDA:72,5,0,0
BRDA:77,6,0,0
BRDA:77,7,0,0
BRDA:77,7,1,0
BRDA:82,8,0,0
BRDA:83,9,0,0
BRDA:83,9,1,0
BRDA:83,9,2,0
BRDA:83,9,3,0
BRDA:97,10,0,0
BRDA:98,11,0,0
BRDA:98,11,1,0
BRDA:98,11,2,0
BRDA:154,12,0,0
BRDA:157,13,0,0
BRF:21
BRH:0
end_of_record
TN:
SF:src\modules\dispatch\dto\accept-order.dto.ts
FNF:0
FNH:0
DA:1,1
DA:2,1
DA:4,1
DA:11,1
DA:19,1
DA:22,1
DA:29,1
DA:37,1
DA:44,1
DA:47,1
DA:54,1
DA:62,1
LF:12
LH:12
BRF:0
BRH:0
end_of_record
TN:
SF:src\modules\drivers\drivers.controller.ts
FN:10,(anonymous_4)
FN:18,(anonymous_5)
FN:30,(anonymous_6)
FN:38,(anonymous_7)
FN:46,(anonymous_8)
FN:54,(anonymous_9)
FN:68,(anonymous_10)
FN:79,(anonymous_11)
FN:90,(anonymous_12)
FN:101,(anonymous_13)
FNF:10
FNH:10
FNDA:11,(anonymous_4)
FNDA:1,(anonymous_5)
FNDA:2,(anonymous_6)
FNDA:1,(anonymous_7)
FNDA:1,(anonymous_8)
FNDA:1,(anonymous_9)
FNDA:2,(anonymous_10)
FNDA:1,(anonymous_11)
FNDA:1,(anonymous_12)
FNDA:1,(anonymous_13)
DA:1,1
DA:2,1
DA:3,1
DA:4,1
DA:9,1
DA:10,11
DA:18,1
DA:19,1
DA:30,1
DA:31,2
DA:38,1
DA:39,1
DA:46,1
DA:47,1
DA:54,1
DA:58,1
DA:68,1
DA:69,2
DA:79,1
DA:80,1
DA:90,1
DA:91,1
DA:101,1
DA:102,1
LF:24
LH:24
BRF:0
BRH:0
end_of_record
TN:
SF:src\modules\drivers\drivers.service.ts
FN:11,(anonymous_4)
FN:21,(anonymous_5)
FN:25,(anonymous_6)
FN:31,(anonymous_7)
FN:41,(anonymous_8)
FN:56,(anonymous_9)
FN:62,(anonymous_10)
FN:80,(anonymous_11)
FN:93,(anonymous_12)
FN:106,(anonymous_13)
FNF:10
FNH:0
FNDA:0,(anonymous_4)
FNDA:0,(anonymous_5)
FNDA:0,(anonymous_6)
FNDA:0,(anonymous_7)
FNDA:0,(anonymous_8)
FNDA:0,(anonymous_9)
FNDA:0,(anonymous_10)
FNDA:0,(anonymous_11)
FNDA:0,(anonymous_12)
FNDA:0,(anonymous_13)
DA:1,1
DA:2,1
DA:3,1
DA:4,1
DA:5,1
DA:6,1
DA:7,1
DA:10,1
DA:13,0
DA:15,0
DA:17,0
DA:18,0
DA:22,0
DA:26,0
DA:27,0
DA:28,0
DA:32,0
DA:33,0
DA:34,0
DA:35,0
DA:36,0
DA:37,0
DA:38,0
DA:47,0
DA:48,0
DA:49,0
DA:50,0
DA:51,0
DA:52,0
DA:53,0
DA:57,0
DA:58,0
DA:59,0
DA:63,0
DA:66,0
DA:67,0
DA:70,0
DA:71,0
DA:73,0
DA:74,0
DA:77,0
DA:81,0
DA:90,0
DA:94,0
DA:103,0
DA:107,0
DA:108,0
DA:113,0
LF:48
LH:8
BRDA:27,0,0,0
BRDA:33,1,0,0
BRDA:34,2,0,0
BRDA:35,3,0,0
BRDA:36,4,0,0
BRDA:37,5,0,0
BRDA:48,6,0,0
BRDA:49,7,0,0
BRDA:50,8,0,0
BRDA:51,9,0,0
BRDA:66,10,0,0
BRDA:66,11,0,0
BRDA:66,11,1,0
BRDA:73,12,0,0
BRDA:103,13,0,0
BRDA:103,13,1,0
BRF:16
BRH:0
end_of_record
TN:
SF:src\modules\drivers\dto\update-driver-status.dto.ts
FNF:0
FNH:0
DA:1,1
DA:2,1
DA:4,1
DA:11,1
LF:4
LH:4
BRF:0
BRH:0
end_of_record
TN:
SF:src\modules\drivers\entities\driver-wallet-transaction.entity.ts
FNF:0
FNH:0
DA:1,2
DA:9,2
DA:11,2
DA:14,2
DA:17,2
DA:20,2
DA:23,2
DA:26,2
DA:29,2
LF:9
LH:9
BRF:0
BRH:0
end_of_record
TN:
SF:src\modules\drivers\entities\driver.entity.ts
FN:9,(anonymous_2)
FN:15,(anonymous_3)
FNF:2
FNH:2
FNDA:4,(anonymous_2)
FNDA:4,(anonymous_3)
DA:1,4
DA:9,4
DA:10,4
DA:11,4
DA:12,4
DA:15,4
DA:16,4
DA:17,4
DA:18,4
DA:22,4
DA:24,4
DA:27,4
DA:30,4
DA:33,4
DA:36,4
DA:43,4
DA:46,4
DA:49,4
DA:56,4
DA:59,4
DA:62,4
DA:65,4
DA:68,4
DA:71,4
DA:74,4
DA:77,4
DA:80,4
DA:83,4
DA:86,4
DA:89,4
DA:92,4
LF:31
LH:31
BRDA:9,0,0,4
BRDA:9,0,1,4
BRDA:15,1,0,4
BRDA:15,1,1,4
BRF:4
BRH:4
end_of_record
TN:
SF:src\modules\orders\orders.controller.ts
FN:33,(anonymous_4)
FN:51,(anonymous_5)
FN:66,(anonymous_6)
FN:81,(anonymous_7)
FN:93,(anonymous_8)
FN:108,(anonymous_9)
FNF:6
FNH:6
FNDA:8,(anonymous_4)
FNDA:2,(anonymous_5)
FNDA:1,(anonymous_6)
FNDA:2,(anonymous_7)
FNDA:1,(anonymous_8)
FNDA:2,(anonymous_9)
DA:1,1
DA:12,1
DA:21,1
DA:22,1
DA:23,1
DA:24,1
DA:25,1
DA:26,1
DA:27,1
DA:28,1
DA:32,1
DA:33,8
DA:51,1
DA:55,2
DA:66,1
DA:70,1
DA:81,1
DA:82,2
DA:93,1
DA:97,1
DA:108,1
DA:109,2
LF:22
LH:22
BRF:0
BRH:0
end_of_record
TN:
SF:src\modules\orders\orders.service.ts
FN:27,(anonymous_4)
FN:42,(anonymous_5)
FN:125,(anonymous_6)
FN:132,(anonymous_7)
FN:217,(anonymous_8)
FN:224,(anonymous_9)
FN:241,(anonymous_10)
FN:38,(anonymous_11)
FNF:8
FNH:0
FNDA:0,(anonymous_4)
FNDA:0,(anonymous_5)
FNDA:0,(anonymous_6)
FNDA:0,(anonymous_7)
FNDA:0,(anonymous_8)
FNDA:0,(anonymous_9)
FNDA:0,(anonymous_10)
FNDA:0,(anonymous_11)
DA:1,1
DA:9,1
DA:10,1
DA:11,1
DA:12,1
DA:13,1
DA:16,1
DA:17,1
DA:18,1
DA:19,1
DA:20,1
DA:21,1
DA:24,1
DA:25,0
DA:29,0
DA:31,0
DA:33,0
DA:35,0
DA:36,0
DA:37,0
DA:38,0
DA:39,0
DA:43,0
DA:44,0
DA:45,0
DA:46,0
DA:47,0
DA:48,0
DA:49,0
DA:50,0
DA:51,0
DA:53,0
DA:54,0
DA:55,0
DA:56,0
DA:57,0
DA:58,0
DA:59,0
DA:60,0
DA:61,0
DA:62,0
DA:63,0
DA:64,0
DA:65,0
DA:73,0
DA:74,0
DA:75,0
DA:77,0
DA:80,0
DA:81,0
DA:83,0
DA:101,0
DA:104,0
DA:115,0
DA:125,0
DA:126,0
DA:129,0
DA:137,0
DA:138,0
DA:139,0
DA:142,0
DA:143,0
DA:145,0
DA:146,0
DA:149,0
DA:150,0
DA:151,0
DA:152,0
DA:153,0
DA:155,0
DA:167,0
DA:170,0
DA:181,0
DA:188,0
DA:189,0
DA:190,0
DA:191,0
DA:192,0
DA:193,0
DA:194,0
DA:204,0
DA:214,0
DA:218,0
DA:219,0
DA:220,0
DA:221,0
DA:225,0
DA:226,0
DA:228,0
DA:233,0
DA:234,0
DA:235,0
DA:238,0
DA:242,0
DA:243,0
DA:245,0
DA:246,0
DA:247,0
DA:248,0
DA:249,0
DA:261,0
LF:101
LH:13
BRDA:53,0,0,0
BRDA:53,0,1,0
BRDA:64,1,0,0
BRDA:64,1,1,0
BRDA:64,2,0,0
BRDA:64,2,1,0
BRDA:64,2,2,0
BRDA:64,2,3,0
BRDA:64,2,4,0
BRDA:64,2,5,0
BRDA:86,3,0,0
BRDA:86,3,1,0
BRDA:87,4,0,0
BRDA:87,4,1,0
BRDA:97,5,0,0
BRDA:97,5,1,0
BRDA:135,6,0,0
BRDA:138,7,0,0
BRDA:145,8,0,0
BRDA:146,9,0,0
BRDA:149,10,0,0
BRDA:149,11,0,0
BRDA:149,11,1,0
BRDA:151,12,0,0
BRDA:189,13,0,0
BRDA:191,14,0,0
BRDA:193,15,0,0
BRDA:219,16,0,0
BRDA:220,17,0,0
BRDA:226,18,0,0
BRDA:234,19,0,0
BRDA:243,20,0,0
BRDA:246,21,0,0
BRDA:248,22,0,0
BRF:34
BRH:0
end_of_record
TN:
SF:src\modules\orders\dto\create-order.dto.ts
FNF:0
FNH:0
DA:1,1
DA:10,1
DA:12,1
DA:20,1
DA:29,1
DA:38,1
DA:49,1
DA:60,1
DA:69,1
DA:80,1
DA:91,1
DA:100,1
LF:12
LH:12
BRF:0
BRH:0
end_of_record
TN:
SF:src\modules\orders\dto\update-order-status.dto.ts
FNF:0
FNH:0
DA:1,1
DA:2,1
DA:3,1
DA:5,1
DA:13,1
DA:22,1
DA:31,1
DA:40,1
DA:49,1
LF:9
LH:9
BRF:0
BRH:0
end_of_record
TN:
SF:src\modules\orders\entities\order-status-log.entity.ts
FNF:0
FNH:0
DA:1,2
DA:9,2
DA:11,2
DA:14,2
DA:17,2
DA:20,2
DA:23,2
DA:26,2
DA:29,2
LF:9
LH:9
BRF:0
BRH:0
end_of_record
TN:
SF:src\modules\orders\entities\order.entity.ts
FN:9,(anonymous_2)
FNF:1
FNH:1
FNDA:3,(anonymous_2)
DA:1,3
DA:9,3
DA:10,3
DA:11,3
DA:12,3
DA:13,3
DA:14,3
DA:15,3
DA:16,3
DA:20,3
DA:22,3
DA:25,3
DA:28,3
DA:31,3
DA:34,3
DA:41,3
DA:44,3
DA:47,3
DA:50,3
DA:53,3
DA:56,3
DA:59,3
DA:62,3
DA:65,3
DA:68,3
DA:71,3
DA:74,3
DA:77,3
DA:80,3
DA:83,3
LF:30
LH:30
BRDA:9,0,0,3
BRDA:9,0,1,3
BRF:2
BRH:2
end_of_record
TN:
SF:src\modules\quotes\quotes.controller.ts
FN:12,(anonymous_4)
FN:25,(anonymous_5)
FN:43,(anonymous_6)
FNF:3
FNH:3
FNDA:4,(anonymous_4)
FNDA:2,(anonymous_5)
FNDA:2,(anonymous_6)
DA:1,1
DA:2,1
DA:3,1
DA:4,1
DA:5,1
DA:6,1
DA:7,1
DA:11,1
DA:12,4
DA:25,1
DA:29,2
DA:43,1
DA:44,2
LF:13
LH:13
BRF:0
BRH:0
end_of_record
TN:
SF:src\modules\quotes\quotes.service.ts
FN:11,(anonymous_4)
FN:17,(anonymous_5)
FN:66,(anonymous_6)
FN:74,(anonymous_7)
FNF:4
FNH:0
FNDA:0,(anonymous_4)
FNDA:0,(anonymous_5)
FNDA:0,(anonymous_6)
FNDA:0,(anonymous_7)
DA:1,2
DA:2,2
DA:3,2
DA:4,2
DA:5,2
DA:7,2
DA:10,2
DA:13,0
DA:14,0
DA:18,0
DA:25,0
DA:26,0
DA:29,0
DA:31,0
DA:32,0
DA:33,0
DA:34,0
DA:36,0
DA:43,0
DA:45,0
DA:63,0
DA:67,0
DA:68,0
DA:69,0
DA:71,0
DA:75,0
DA:76,0
DA:77,0
DA:79,0
LF:29
LH:7
BRDA:25,0,0,0
BRDA:40,1,0,0
BRDA:40,1,1,0
BRDA:68,2,0,0
BRDA:76,3,0,0
BRF:5
BRH:0
end_of_record
TN:
SF:src\modules\quotes\dto\create-quote.dto.ts
FNF:0
FNH:0
DA:1,1
DA:2,1
DA:4,1
DA:11,1
DA:20,1
DA:29,1
DA:37,1
DA:46,1
DA:55,1
DA:65,1
LF:10
LH:10
BRF:0
BRH:0
end_of_record
TN:
SF:src\modules\quotes\entities\quote.entity.ts
FNF:0
FNH:0
DA:1,2
DA:9,2
DA:11,2
DA:14,2
DA:17,2
DA:20,2
DA:23,2
DA:26,2
DA:29,2
DA:32,2
DA:35,2
DA:38,2
DA:41,2
DA:44,2
DA:47,2
DA:50,2
DA:53,2
DA:56,2
DA:59,2
LF:19
LH:19
BRF:0
BRH:0
end_of_record
TN:
SF:src\modules\seed\seed.service.ts
FN:16,(anonymous_4)
FN:27,(anonymous_5)
FN:31,(anonymous_6)
FNF:3
FNH:0
FNDA:0,(anonymous_4)
FNDA:0,(anonymous_5)
FNDA:0,(anonymous_6)
DA:1,0
DA:2,0
DA:3,0
DA:4,0
DA:5,0
DA:6,0
DA:7,0
DA:8,0
DA:10,0
DA:13,0
DA:14,0
DA:18,0
DA:20,0
DA:22,0
DA:24,0
DA:28,0
DA:32,0
DA:33,0
DA:35,0
DA:38,0
DA:39,0
DA:40,0
DA:41,0
DA:42,0
DA:43,0
DA:44,0
DA:46,0
DA:56,0
DA:57,0
DA:61,0
DA:62,0
DA:63,0
DA:64,0
DA:80,0
DA:81,0
DA:85,0
DA:86,0
DA:87,0
DA:88,0
DA:104,0
DA:105,0
DA:109,0
DA:110,0
DA:111,0
DA:128,0
DA:129,0
DA:132,0
DA:133,0
DA:134,0
DA:150,0
DA:151,0
DA:155,0
DA:156,0
DA:157,0
DA:176,0
DA:178,0
DA:190,0
DA:191,0
DA:194,0
DA:196,0
LF:60
LH:0
BRDA:40,0,0,0
BRDA:63,1,0,0
BRDA:87,2,0,0
BRDA:110,3,0,0
BRDA:133,4,0,0
BRDA:156,5,0,0
BRF:6
BRH:0
end_of_record
TN:
SF:src\modules\tenants\tenants.controller.ts
FN:10,(anonymous_4)
FN:19,(anonymous_5)
FN:29,(anonymous_6)
FN:40,(anonymous_7)
FN:52,(anonymous_8)
FN:62,(anonymous_9)
FN:72,(anonymous_10)
FNF:7
FNH:7
FNDA:8,(anonymous_4)
FNDA:2,(anonymous_5)
FNDA:1,(anonymous_6)
FNDA:2,(anonymous_7)
FNDA:1,(anonymous_8)
FNDA:1,(anonymous_9)
FNDA:1,(anonymous_10)
DA:1,1
DA:2,1
DA:3,1
DA:4,1
DA:5,1
DA:9,1
DA:10,8
DA:19,1
DA:20,2
DA:29,1
DA:30,1
DA:40,1
DA:41,2
DA:52,1
DA:53,1
DA:62,1
DA:63,1
DA:72,1
DA:73,1
LF:19
LH:19
BRF:0
BRH:0
end_of_record
TN:
SF:src\modules\tenants\tenants.service.ts
FN:11,(anonymous_4)
FN:16,(anonymous_5)
FN:43,(anonymous_6)
FN:49,(anonymous_7)
FN:57,(anonymous_8)
FN:73,(anonymous_9)
FN:82,(anonymous_10)
FNF:7
FNH:0
FNDA:0,(anonymous_4)
FNDA:0,(anonymous_5)
FNDA:0,(anonymous_6)
FNDA:0,(anonymous_7)
FNDA:0,(anonymous_8)
FNDA:0,(anonymous_9)
FNDA:0,(anonymous_10)
DA:1,1
DA:2,1
DA:3,1
DA:4,1
DA:7,1
DA:10,1
DA:13,0
DA:17,0
DA:18,0
DA:19,0
DA:22,0
DA:23,0
DA:25,0
DA:35,0
DA:37,0
DA:44,0
DA:50,0
DA:51,0
DA:52,0
DA:54,0
DA:58,0
DA:59,0
DA:61,0
DA:62,0
DA:63,0
DA:65,0
DA:74,0
DA:75,0
DA:76,0
DA:77,0
DA:79,0
DA:83,0
DA:84,0
DA:85,0
LF:34
LH:6
BRDA:18,0,0,0
BRDA:30,1,0,0
BRDA:30,1,1,0
BRDA:51,2,0,0
BRDA:76,3,0,0
BRF:5
BRH:0
end_of_record
TN:
SF:src\modules\tenants\dto\create-tenant.dto.ts
FNF:0
FNH:0
DA:1,1
DA:2,1
DA:4,1
DA:11,1
DA:19,1
DA:28,1
LF:6
LH:6
BRF:0
BRH:0
end_of_record
TN:
SF:src\modules\tenants\dto\update-webhook.dto.ts
FNF:0
FNH:0
DA:1,1
DA:2,1
DA:4,1
DA:11,1
DA:20,1
LF:5
LH:5
BRF:0
BRH:0
end_of_record
TN:
SF:src\modules\tenants\entities\tenant.entity.ts
FNF:0
FNH:0
DA:1,5
DA:10,5
DA:12,5
DA:15,5
DA:18,5
DA:21,5
DA:24,5
DA:27,5
DA:30,5
DA:33,5
DA:36,5
DA:39,5
LF:12
LH:12
BRF:0
BRH:0
end_of_record
TN:
SF:src\modules\tracking\tracking.gateway.ts
FN:27,(anonymous_4)
FN:29,(anonymous_5)
FN:33,(anonymous_6)
FN:41,(anonymous_7)
FN:75,(anonymous_8)
FN:87,(anonymous_9)
FNF:6
FNH:0
FNDA:0,(anonymous_4)
FNDA:0,(anonymous_5)
FNDA:0,(anonymous_6)
FNDA:0,(anonymous_7)
FNDA:0,(anonymous_8)
FNDA:0,(anonymous_9)
DA:1,0
DA:10,0
DA:11,0
DA:12,0
DA:13,0
DA:21,0
DA:23,0
DA:25,0
DA:27,0
DA:30,0
DA:34,0
DA:41,0
DA:45,0
DA:48,0
DA:50,0
DA:61,0
DA:64,0
DA:65,0
DA:68,0
DA:75,0
DA:79,0
DA:80,0
DA:81,0
DA:82,0
DA:87,0
DA:91,0
DA:92,0
DA:93,0
LF:28
LH:0
BRDA:45,0,0,0
BRDA:45,1,0,0
BRDA:64,2,0,0
BRDA:79,3,0,0
BRDA:91,4,0,0
BRF:5
BRH:0
end_of_record
TN:
SF:src\modules\tracking\tracking.service.ts
FN:10,(anonymous_2)
FN:36,(anonymous_3)
FN:40,(anonymous_4)
FN:45,(anonymous_5)
FN:52,(anonymous_6)
FN:81,(anonymous_7)
FN:93,(anonymous_8)
FN:114,(anonymous_9)
FNF:8
FNH:0
FNDA:0,(anonymous_2)
FNDA:0,(anonymous_3)
FNDA:0,(anonymous_4)
FNDA:0,(anonymous_5)
FNDA:0,(anonymous_6)
FNDA:0,(anonymous_7)
FNDA:0,(anonymous_8)
FNDA:0,(anonymous_9)
DA:1,3
DA:2,3
DA:3,3
DA:6,3
DA:7,0
DA:10,0
DA:11,0
DA:13,0
DA:14,0
DA:21,0
DA:22,0
DA:23,0
DA:25,0
DA:36,0
DA:37,0
DA:40,0
DA:41,0
DA:46,0
DA:59,0
DA:61,0
DA:64,0
DA:72,0
DA:74,0
DA:82,0
DA:83,0
DA:84,0
DA:86,0
DA:98,0
DA:100,0
DA:110,0
DA:111,0
DA:114,0
DA:119,0
DA:120,0
LF:34
LH:4
BRDA:11,0,0,0
BRDA:11,0,1,0
BRDA:13,1,0,0
BRDA:13,1,1,0
BRDA:18,2,0,0
BRDA:18,2,1,0
BRDA:21,3,0,0
BRDA:21,3,1,0
BRDA:21,3,2,0
BRDA:22,4,0,0
BRDA:22,4,1,0
BRDA:22,4,2,0
BRDA:23,5,0,0
BRDA:23,5,1,0
BRDA:23,5,2,0
BRDA:28,6,0,0
BRDA:28,6,1,0
BRDA:56,7,0,0
BRDA:57,8,0,0
BRDA:96,9,0,0
BRDA:110,10,0,0
BRF:21
BRH:0
end_of_record
TN:
SF:src\modules\tracking\dto\location-ping.dto.ts
FNF:0
FNH:0
DA:1,0
DA:2,0
DA:4,0
DA:11,0
DA:20,0
DA:29,0
DA:38,0
DA:47,0
DA:56,0
LF:9
LH:0
BRF:0
BRH:0
end_of_record
TN:
SF:src\modules\webhooks\webhooks.controller.ts
FN:27,(anonymous_4)
FN:37,(anonymous_5)
FN:53,(anonymous_6)
FN:65,(anonymous_7)
FNF:4
FNH:4
FNDA:5,(anonymous_4)
FNDA:1,(anonymous_5)
FNDA:2,(anonymous_6)
FNDA:2,(anonymous_7)
DA:1,1
DA:2,1
DA:3,1
DA:4,1
DA:5,1
DA:6,1
DA:8,1
DA:11,1
DA:16,1
DA:21,1
DA:26,1
DA:27,5
DA:37,1
DA:41,1
DA:53,1
DA:54,2
DA:65,1
DA:66,2
DA:67,2
DA:68,2
LF:20
LH:20
BRF:0
BRH:0
end_of_record
TN:
SF:src\modules\webhooks\webhooks.processor.ts
FN:12,(anonymous_4)
FN:19,(anonymous_5)
FNF:2
FNH:0
FNDA:0,(anonymous_4)
FNDA:0,(anonymous_5)
DA:1,0
DA:2,0
DA:4,0
DA:5,0
DA:6,0
DA:9,0
DA:10,0
DA:14,0
DA:16,0
DA:20,0
DA:21,0
DA:23,0
DA:24,0
DA:35,0
DA:36,0
DA:38,0
DA:46,0
DA:47,0
DA:50,0
DA:51,0
DA:53,0
DA:54,0
DA:59,0
LF:23
LH:0
BRDA:41,0,0,0
BRDA:41,0,1,0
BRDA:42,1,0,0
BRDA:42,1,1,0
BRDA:43,2,0,0
BRDA:43,2,1,0
BRDA:46,3,0,0
BRF:7
BRH:0
end_of_record
TN:
SF:src\modules\webhooks\webhooks.service.ts
FN:32,(anonymous_4)
FN:41,(anonymous_5)
FN:96,(anonymous_6)
FN:107,(anonymous_7)
FNF:4
FNH:0
FNDA:0,(anonymous_4)
FNDA:0,(anonymous_5)
FNDA:0,(anonymous_6)
FNDA:0,(anonymous_7)
DA:1,3
DA:2,3
DA:3,3
DA:4,3
DA:5,3
DA:6,3
DA:7,3
DA:8,3
DA:29,3
DA:30,0
DA:34,0
DA:36,0
DA:38,0
DA:47,0
DA:48,0
DA:49,0
DA:50,0
DA:53,0
DA:59,0
DA:61,0
DA:71,0
DA:74,0
DA:92,0
DA:93,0
DA:97,0
DA:98,0
DA:99,0
DA:101,0
DA:102,0
DA:104,0
DA:108,0
DA:109,0
DA:110,0
DA:113,0
DA:114,0
DA:115,0
DA:118,0
DA:119,0
DA:120,0
DA:121,0
DA:123,0
DA:137,0
LF:42
LH:9
BRDA:48,0,0,0
BRDA:48,1,0,0
BRDA:48,1,1,0
BRDA:98,2,0,0
BRDA:101,3,0,0
BRDA:109,4,0,0
BRDA:114,5,0,0
BRDA:114,6,0,0
BRDA:114,6,1,0
BRF:9
BRH:0
end_of_record
TN:
SF:src\modules\webhooks\entities\webhook-delivery.entity.ts
FN:8,(anonymous_2)
FNF:1
FNH:1
FNDA:3,(anonymous_2)
DA:1,3
DA:8,3
DA:9,3
DA:10,3
DA:11,3
DA:15,3
DA:17,3
DA:20,3
DA:23,3
DA:26,3
DA:29,3
DA:32,3
DA:39,3
DA:42,3
DA:45,3
DA:48,3
DA:51,3
DA:54,3
DA:57,3
LF:19
LH:19
BRDA:8,0,0,3
BRDA:8,0,1,3
BRF:2
BRH:2
end_of_record
